Log file open, 07/23/18 13:55:39
LogWindows: Failed to load 'aqProf.dll' (GetLastError=126)
LogWindows: File 'aqProf.dll' does not exist
LogWindows: Failed to load 'VSPerf140.dll' (GetLastError=126)
LogWindows: File 'VSPerf140.dll' does not exist
LogWindows: Failed to load 'VtuneApi.dll' (GetLastError=126)
LogWindows: File 'VtuneApi.dll' does not exist
LogWindows: Failed to load 'VtuneApi32e.dll' (GetLastError=126)
LogWindows: File 'VtuneApi32e.dll' does not exist
LogInit: Display: Running engine for game: EMIT
LogPlatformFile: Not using cached read wrapper
LogTaskGraph: Started task graph with 5 named threads and 23 total threads with 3 sets of task threads.
LogStats: Stats thread started at 0.420421
LogD3D11RHI: Loaded GFSDK_Aftermath_Lib.x64.dll
LogICUInternationalization: Display: ICU TimeZone Detection - Raw Offset: +8:00, Platform Override: ''
LogPluginManager: Mounting plugin Paper2D
LogPluginManager: Mounting plugin AISupport
LogPluginManager: Mounting plugin LightPropagationVolume
LogPluginManager: Mounting plugin CLionSourceCodeAccess
LogPluginManager: Mounting plugin CodeLiteSourceCodeAccess
LogPluginManager: Mounting plugin GitSourceControl
LogPluginManager: Mounting plugin KDevelopSourceCodeAccess
LogPluginManager: Mounting plugin NullSourceCodeAccess
LogPluginManager: Mounting plugin PerforceSourceControl
LogPluginManager: Mounting plugin SubversionSourceControl
LogPluginManager: Mounting plugin UObjectPlugin
LogPluginManager: Mounting plugin VisualStudioCodeSourceCodeAccess
LogPluginManager: Mounting plugin VisualStudioSourceCodeAccess
LogPluginManager: Mounting plugin XCodeSourceCodeAccess
LogPluginManager: Mounting plugin AssetManagerEditor
LogPluginManager: Mounting plugin CryptoKeys
LogPluginManager: Mounting plugin DataValidation
LogPluginManager: Mounting plugin FacialAnimation
LogPluginManager: Mounting plugin GameplayTagsEditor
LogPluginManager: Mounting plugin MacGraphicsSwitching
LogPluginManager: Mounting plugin MeshEditor
LogPluginManager: Mounting plugin MobileLauncherProfileWizard
LogPluginManager: Mounting plugin PluginBrowser
LogPluginManager: Mounting plugin SpeedTreeImporter
LogPluginManager: Mounting plugin DatasmithContent
LogPluginManager: Mounting plugin AlembicImporter
LogPluginManager: Mounting plugin AppleImageUtils
LogPluginManager: Mounting plugin AppleVision
LogPluginManager: Mounting plugin BackChannel
LogPluginManager: Mounting plugin CharacterAI
LogPluginManager: Mounting plugin GeometryCache
LogPluginManager: Mounting plugin HTML5Networking
LogPluginManager: Mounting plugin ProxyLODPlugin
LogPluginManager: Mounting plugin MagicLeap
LogPluginManager: Mounting plugin MagicLeapEmulator
LogPluginManager: Mounting plugin MagicLeapMedia
LogPluginManager: Mounting plugin AndroidMedia
LogPluginManager: Mounting plugin AvfMedia
LogPluginManager: Mounting plugin ImgMedia
LogPluginManager: Mounting plugin LinearTimecode
LogPluginManager: Mounting plugin MediaCompositing
LogPluginManager: Mounting plugin MediaPlayerEditor
LogPluginManager: Mounting plugin WmfMedia
LogPluginManager: Mounting plugin TcpMessaging
LogPluginManager: Mounting plugin UdpMessaging
LogPluginManager: Mounting plugin ActorSequence
LogPluginManager: Mounting plugin LevelSequenceEditor
LogPluginManager: Mounting plugin MatineeToLevelSequence
LogPluginManager: Mounting plugin NetcodeUnitTest
LogPluginManager: Mounting plugin NUTUnrealEngine4
LogPluginManager: Mounting plugin OnlineSubsystemGooglePlay
LogPluginManager: Mounting plugin OnlineSubsystemIOS
LogPluginManager: Mounting plugin OnlineSubsystem
LogPluginManager: Mounting plugin OnlineSubsystemNull
LogPluginManager: Mounting plugin OnlineSubsystemUtils
LogPluginManager: Mounting plugin LauncherChunkInstaller
LogPluginManager: Mounting plugin AndroidDeviceProfileSelector
LogPluginManager: Mounting plugin AndroidMoviePlayer
LogPluginManager: Mounting plugin AndroidPermission
LogPluginManager: Mounting plugin AppleMoviePlayer
LogPluginManager: Mounting plugin ArchVisCharacter
LogPluginManager: Mounting plugin AudioCapture
LogPluginManager: Mounting plugin CableComponent
LogPluginManager: Mounting plugin CustomMeshComponent
LogPluginManager: Mounting plugin EditableMesh
LogPluginManager: Mounting plugin ExampleDeviceProfileSelector
LogPluginManager: Mounting plugin GoogleCloudMessaging
LogPluginManager: Mounting plugin ImmediatePhysics
LogPluginManager: Mounting plugin IOSDeviceProfileSelector
LogPluginManager: Mounting plugin LinuxDeviceProfileSelector
LogPluginManager: Mounting plugin LocationServicesBPLibrary
LogPluginManager: Mounting plugin MobilePatchingUtils
LogPluginManager: Mounting plugin OculusVR
LogPluginManager: Plugin shader directory ../../../Engine/Plugins/Runtime/Oculus/OculusVR/Shaders found
LogPluginManager: Mapping shader source directory ../../../Engine/Plugins/Runtime/Oculus/OculusVR/Shaders to virtual directory /Plugin/OculusVR
LogPluginManager: Mounting plugin PhysXVehicles
LogPluginManager: Mounting plugin ProceduralMeshComponent
LogPluginManager: Mounting plugin RuntimePhysXCooking
LogPluginManager: Mounting plugin SteamVR
LogPluginManager: Mounting plugin WindowsMoviePlayer
LogStreaming: Display: Took  0.141s to configure plugins.
LogInit: Using libcurl 7.55.1-DEV
LogInit:  - built for x86_64-pc-win32
LogInit:  - supports SSL with OpenSSL/1.0.2h
LogInit:  - supports HTTP deflate (compression) using libz 1.2.8
LogInit:  - other features:
LogInit:      CURL_VERSION_SSL
LogInit:      CURL_VERSION_LIBZ
LogInit:      CURL_VERSION_IPV6
LogInit:      CURL_VERSION_ASYNCHDNS
LogInit:      CURL_VERSION_LARGEFILE
LogInit:      CURL_VERSION_IDN
LogInit:  CurlRequestOptions (configurable via config and command line):
LogInit:  - bVerifyPeer = false  - Libcurl will NOT verify peer certificate
LogInit:  - bUseHttpProxy = false  - Libcurl will NOT use HTTP proxy
LogInit:  - bDontReuseConnections = false  - Libcurl will reuse connections
LogInit:  - CertBundlePath = nullptr  - Libcurl will use whatever was configured at build time.
LogInit:  - MaxHostConnections = 16  - Libcurl will limit the number of connections to a host
LogInit:  - LocalHostAddr = Default
LogInit:  - BufferSize = 65536
LogInit: WinSock: version 1.1 (2.2), MaxSocks=32767, MaxUdp=65467
LogInit: Build: ++UE4+Release-4.20-CL-4212847
LogInit: Engine Version: 4.20.0-4212847+++UE4+Release-4.20
LogInit: Compatible Engine Version: 4.20.0-4212847+++UE4+Release-4.20
LogInit: Net CL: 4212847
LogInit: OS: Windows 10 (), CPU: Intel(R) Core(TM) i7-6700HQ CPU @ 2.60GHz, GPU: Intel(R) HD Graphics 530
LogInit: Compiled (64-bit): Jul 14 2018 09:51:14
LogInit: Compiled with Visual C++: 19.13.26129.00
LogInit: Build Configuration: Development
LogInit: Branch Name: ++UE4+Release-4.20
LogInit: Command Line:  
LogInit: Base Directory: E:/UE_4.20/Engine/Binaries/Win64/
LogInit: Installed Engine Build: 1
LogDevObjectVersion: Number of dev versions registered: 20
LogDevObjectVersion:   Dev-Blueprints (B0D832E4-1F89-4F0D-ACCF-7EB736FD4AA2): 10
LogDevObjectVersion:   Dev-Build (E1C64328-A22C-4D53-A36C-8E866417BD8C): 0
LogDevObjectVersion:   Dev-Core (375EC13C-06E4-48FB-B500-84F0262A717E): 2
LogDevObjectVersion:   Dev-Editor (E4B068ED-F494-42E9-A231-DA0B2E46BB41): 24
LogDevObjectVersion:   Dev-Framework (CFFC743F-43B0-4480-9391-14DF171D2073): 34
LogDevObjectVersion:   Dev-Mobile (B02B49B5-BB20-44E9-A304-32B752E40360): 2
LogDevObjectVersion:   Dev-Networking (A4E4105C-59A1-49B5-A7C5-40C4547EDFEE): 0
LogDevObjectVersion:   Dev-Online (39C831C9-5AE6-47DC-9A44-9C173E1C8E7C): 0
LogDevObjectVersion:   Dev-Physics (78F01B33-EBEA-4F98-B9B4-84EACCB95AA2): 0
LogDevObjectVersion:   Dev-Platform (6631380F-2D4D-43E0-8009-CF276956A95A): 0
LogDevObjectVersion:   Dev-Rendering (12F88B9F-8875-4AFC-A67C-D90C383ABD29): 26
LogDevObjectVersion:   Dev-Sequencer (7B5AE74C-D270-4C10-A958-57980B212A5A): 9
LogDevObjectVersion:   Dev-VR (D7296918-1DD6-4BDD-9DE2-64A83CC13884): 2
LogDevObjectVersion:   Dev-LoadTimes (C2A15278-BFE7-4AFE-6C17-90FF531DF755): 1
LogDevObjectVersion:   Private-Geometry (6EACA3D4-40EC-4CC1-B786-8BED09428FC5): 3
LogDevObjectVersion:   Dev-AnimPhys (29E575DD-E0A3-4627-9D10-D276232CDCEA): 17
LogDevObjectVersion:   Dev-ReflectionCapture (6B266CEC-1EC7-4B8F-A30B-E4D90942FC07): 1
LogDevObjectVersion:   Dev-Automation (0DF73D61-A23F-47EA-B727-89E90C41499A): 1
LogDevObjectVersion:   FortniteMain (601D1886-AC64-4F84-AA16-D3DE0DEAC7D6): 12
LogDevObjectVersion:   Dev-Enterprise (9DFFBCD6-494F-0158-E221-12823C92A888): 1
LogStreaming: Display: Took  0.000s to delete old logs.
LogInit: Presizing for max 8388607 objects, including 0 objects not considered by GC, pre-allocating 0 bytes for permanent pool.
LogInit: Object subsystem initialized
[2018.07.23-05.55.41:313][  0]LogInit: Selected Device Profile: [Windows]
[2018.07.23-05.55.41:313][  0]LogInit: Applying CVar settings loaded from the selected device profile: [Windows]
[2018.07.23-05.55.41:331][  0]LogHAL: Display: Platform has ~ 8 GB [8456720384 / 8589934592 / 8], which maps to Default [LargestMinGB=32, LargerMinGB=12, DefaultMinGB=8, SmallerMinGB=6, SmallestMinGB=0)
[2018.07.23-05.55.41:331][  0]LogInit: Setting Device Profile CVar: [[r.Vulkan.UseRealUBs:1]]
[2018.07.23-05.55.41:331][  0]LogInit: Going up to parent DeviceProfile []
[2018.07.23-05.55.41:338][  0]LogInit: Computer: DESKTOP-LCB81P4
[2018.07.23-05.55.41:338][  0]LogInit: User: DELL
[2018.07.23-05.55.41:338][  0]LogInit: CPU Page size=4096, Cores=4
[2018.07.23-05.55.41:338][  0]LogInit: High frequency timer resolution =2.531253 MHz
[2018.07.23-05.55.41:339][  0]LogMemory: Memory total: Physical=7.9GB (8GB approx)
[2018.07.23-05.55.41:339][  0]LogMemory: Platform Memory Stats for Windows
[2018.07.23-05.55.41:339][  0]LogMemory: Process Physical Memory: 100.09 MB used, 100.09 MB peak
[2018.07.23-05.55.41:339][  0]LogMemory: Process Virtual Memory: 90.89 MB used, 90.89 MB peak
[2018.07.23-05.55.41:339][  0]LogMemory: Physical Memory: 4117.07 MB used,  3947.89 MB free, 8064.96 MB total
[2018.07.23-05.55.41:339][  0]LogMemory: Virtual Memory: 4643.82 MB used,  3947.89 MB free, 134217728.00 MB total
[2018.07.23-05.55.43:907][  0]LogInit: Using OS detected language (zh-CN).
[2018.07.23-05.55.43:907][  0]LogInit: Using OS detected locale (zh-CN).
[2018.07.23-05.55.44:437][  0]LogStreaming: Display: Took  0.530s to InitEngineTextLocalization.
[2018.07.23-05.55.44:437][  0]LogInit: Setting process to per monitor DPI aware
[2018.07.23-05.55.45:824][  0]LogSlate: New Slate User Created.  User Index 0, Is Virtual User: 0
[2018.07.23-05.55.45:824][  0]LogSlate: Slate User Registered.  User Index 0, Is Virtual User: 0
[2018.07.23-05.55.46:345][  0]LogHMD: Failed to initialize OpenVR with code 110
[2018.07.23-05.55.46:345][  0]LogD3D11RHI: D3D11 adapters:
[2018.07.23-05.55.46:850][  0]LogD3D11RHI:    0. 'NVIDIA GeForce GTX 960M' (Feature Level 11_0)
[2018.07.23-05.55.46:850][  0]LogD3D11RHI:       4055/0/4032 MB DedicatedVideo/DedicatedSystem/SharedSystem, Outputs:1, VendorId:0x10de
[2018.07.23-05.55.46:920][  0]LogD3D11RHI:    1. 'Intel(R) HD Graphics 530' (Feature Level 11_0)
[2018.07.23-05.55.46:920][  0]LogD3D11RHI:       128/0/4032 MB DedicatedVideo/DedicatedSystem/SharedSystem, Outputs:0, VendorId:0x8086
[2018.07.23-05.55.47:145][  0]LogD3D11RHI:    2. 'Microsoft Basic Render Driver' (Feature Level 11_0)
[2018.07.23-05.55.47:145][  0]LogD3D11RHI:       0/0/4032 MB DedicatedVideo/DedicatedSystem/SharedSystem, Outputs:0, VendorId:0x1414
[2018.07.23-05.55.47:145][  0]LogD3D11RHI: Chosen D3D11 Adapter: 0
[2018.07.23-05.55.47:196][  0]LogD3D11RHI: Creating new Direct3DDevice
[2018.07.23-05.55.47:197][  0]LogD3D11RHI:     GPU DeviceId: 0x139b (for the marketing name, search the web for "GPU Device Id")
[2018.07.23-05.55.47:197][  0]LogWindows: EnumDisplayDevices:
[2018.07.23-05.55.47:197][  0]LogWindows:    0. 'Intel(R) HD Graphics 530' (P:1 D:1)
[2018.07.23-05.55.47:198][  0]LogWindows:    1. 'Intel(R) HD Graphics 530' (P:0 D:0)
[2018.07.23-05.55.47:199][  0]LogWindows:    2. 'Intel(R) HD Graphics 530' (P:0 D:0)
[2018.07.23-05.55.47:199][  0]LogWindows: DebugString: PrimaryIsNotTheChoosenAdapter PrimaryIsNotTheChoosenAdapter PrimaryIsNotTheChoosenAdapter FoundDriverCount:0 
[2018.07.23-05.55.47:199][  0]LogD3D11RHI:     Adapter Name: NVIDIA GeForce GTX 960M
[2018.07.23-05.55.47:199][  0]LogD3D11RHI:   Driver Version: Unknown (internal:Unknown, unified:Unknown)
[2018.07.23-05.55.47:199][  0]LogD3D11RHI:      Driver Date: Unknown
[2018.07.23-05.55.47:199][  0]LogRHI: Texture pool is 2839 MB (70% of 4055 MB)
[2018.07.23-05.55.47:636][  0]LogD3D11RHI: Async texture creation enabled
[2018.07.23-05.55.47:656][  0]LogD3D11RHI: GPU Timing Frequency: 1000.000000 (Debug: 2 2)
[2018.07.23-05.55.47:657][  0]LogShaderCompilers: Guid format shader working directory is 33 characters bigger than the processId version (H:/EMIT/EMIT/Intermediate/Shaders/WorkingDirectory/3620/).
[2018.07.23-05.55.47:658][  0]LogShaderCompilers: Cleaned the shader compiler working directory 'C:/Users/DELL/AppData/Local/Temp/UnrealShaderWorkingDir/D914FDC64E932442623D7EB7A6C01403/'.
[2018.07.23-05.55.50:353][  0]LogTemp: Display: Loaded TP AllDesktopTargetPlatform
[2018.07.23-05.55.50:394][  0]LogTemp: Display: Loaded TP MacClientTargetPlatform
[2018.07.23-05.55.50:435][  0]LogTemp: Display: Loaded TP MacNoEditorTargetPlatform
[2018.07.23-05.55.50:477][  0]LogTemp: Display: Loaded TP MacServerTargetPlatform
[2018.07.23-05.55.50:523][  0]LogTemp: Display: Loaded TP MacTargetPlatform
[2018.07.23-05.55.50:567][  0]LogTemp: Display: Loaded TP WindowsClientTargetPlatform
[2018.07.23-05.55.50:612][  0]LogTemp: Display: Loaded TP WindowsNoEditorTargetPlatform
[2018.07.23-05.55.50:657][  0]LogTemp: Display: Loaded TP WindowsServerTargetPlatform
[2018.07.23-05.55.50:691][  0]LogTemp: Display: Loaded TP WindowsTargetPlatform
[2018.07.23-05.55.50:874][  0]LogTemp: Display: Loaded TP AndroidTargetPlatform
[2018.07.23-05.55.50:874][  0]LogTemp: Display: Loaded TP AndroidTargetPlatform
[2018.07.23-05.55.50:874][  0]LogTemp: Display: Loaded TP AndroidTargetPlatform
[2018.07.23-05.55.50:874][  0]LogTemp: Display: Loaded TP AndroidTargetPlatform
[2018.07.23-05.55.50:874][  0]LogTemp: Display: Loaded TP AndroidTargetPlatform
[2018.07.23-05.55.50:874][  0]LogTemp: Display: Loaded TP AndroidTargetPlatform
[2018.07.23-05.55.50:874][  0]LogTemp: Display: Loaded TP AndroidTargetPlatform
[2018.07.23-05.55.50:874][  0]LogTemp: Display: Loaded TP AndroidTargetPlatform
[2018.07.23-05.55.50:874][  0]LogTemp: Display: Loaded TP AndroidTargetPlatform
[2018.07.23-05.55.50:874][  0]LogTemp: Display: Loaded TP AndroidTargetPlatform
[2018.07.23-05.55.50:874][  0]LogTemp: Display: Loaded TP AndroidTargetPlatform
[2018.07.23-05.55.50:874][  0]LogTemp: Display: Loaded TP AndroidTargetPlatform
[2018.07.23-05.55.50:874][  0]LogTemp: Display: Loaded TP AndroidTargetPlatform
[2018.07.23-05.55.50:874][  0]LogTemp: Display: Loaded TP AndroidTargetPlatform
[2018.07.23-05.55.50:874][  0]LogTemp: Display: Loaded TP AndroidTargetPlatform
[2018.07.23-05.55.50:874][  0]LogTemp: Display: Loaded TP AndroidTargetPlatform
[2018.07.23-05.55.50:874][  0]LogTemp: Display: Loaded TP AndroidTargetPlatform
[2018.07.23-05.55.50:874][  0]LogTemp: Display: Loaded TP AndroidTargetPlatform
[2018.07.23-05.55.50:898][  0]LogTemp: Display: Loaded TP HTML5TargetPlatform
[2018.07.23-05.55.51:065][  0]LogTemp: Display: Loaded TP IOSTargetPlatform
[2018.07.23-05.55.51:065][  0]LogTemp: Display: Loaded TP IOSTargetPlatform
[2018.07.23-05.55.51:122][  0]LogTemp: Display: Loaded TP TVOSTargetPlatform
[2018.07.23-05.55.51:122][  0]LogTemp: Display: Loaded TP TVOSTargetPlatform
[2018.07.23-05.55.51:166][  0]LogTemp: Display: Loaded TP LinuxClientTargetPlatform
[2018.07.23-05.55.51:208][  0]LogTemp: Display: Loaded TP LinuxNoEditorTargetPlatform
[2018.07.23-05.55.51:251][  0]LogTemp: Display: Loaded TP LinuxServerTargetPlatform
[2018.07.23-05.55.51:297][  0]LogTemp: Display: Loaded TP LinuxTargetPlatform
[2018.07.23-05.55.51:340][  0]LogTemp: Display: Loaded TP LuminTargetPlatform
[2018.07.23-05.55.51:341][  0]LogTargetPlatformManager: Display: Building Assets For Windows
[2018.07.23-05.55.52:480][  0]LogXGEController: Cleaning working directory: C:/Users/DELL/AppData/Local/Temp/UnrealXGEWorkingDir/
[2018.07.23-05.55.52:481][  0]LogXGEController: Cannot use XGE Controller as Incredibuild is not installed on this machine.
[2018.07.23-05.55.52:481][  0]LogShaderCompilers: Cannot use XGE Shader Compiler as Incredibuild is not installed on this machine.
[2018.07.23-05.55.52:481][  0]LogShaderCompilers: Display: Using Local Shader Compiler.
[2018.07.23-05.55.53:762][  0]LogDerivedDataCache: Display: Max Cache Size: 512 MB
[2018.07.23-05.55.53:851][  0]LogDerivedDataCache: Loaded boot cache 0.09s 71MB C:/Users/DELL/AppData/Local/UnrealEngine/4.20/DerivedDataCache/Boot.ddc.
[2018.07.23-05.55.53:852][  0]LogDerivedDataCache: Display: Loaded Boot cache: C:/Users/DELL/AppData/Local/UnrealEngine/4.20/DerivedDataCache/Boot.ddc
[2018.07.23-05.55.53:852][  0]LogDerivedDataCache: FDerivedDataBackendGraph:  Pak pak cache file H:/EMIT/EMIT/DerivedDataCache/DDC.ddp not found, will not use a pak cache.
[2018.07.23-05.55.53:852][  0]LogDerivedDataCache: Unable to find inner node Pak for hierarchical cache Hierarchy.
[2018.07.23-05.55.53:852][  0]LogDerivedDataCache: FDerivedDataBackendGraph:  CompressedPak pak cache file H:/EMIT/EMIT/DerivedDataCache/Compressed.ddp not found, will not use a pak cache.
[2018.07.23-05.55.53:852][  0]LogDerivedDataCache: Unable to find inner node CompressedPak for hierarchical cache Hierarchy.
[2018.07.23-05.55.53:877][  0]LogDerivedDataCache: Display: Pak cache opened for reading ../../../Engine/DerivedDataCache/Compressed.ddp.
[2018.07.23-05.55.53:891][  0]LogDerivedDataCache: Using Local data cache path C:/Users/DELL/AppData/Local/UnrealEngine/Common/DerivedDataCache: Writable
[2018.07.23-05.55.53:891][  0]LogDerivedDataCache: Shared data cache path not found in *engine.ini, will not use an Shared cache.
[2018.07.23-05.55.53:891][  0]LogDerivedDataCache: Unable to find inner node Shared for hierarchical cache Hierarchy.
[2018.07.23-05.55.53:923][  0]LogMaterial: Verifying Global Shaders for PCD3D_SM5
[2018.07.23-05.55.53:926][  0]LogSlate: Using FreeType 2.6.0
[2018.07.23-05.55.53:927][  0]LogSlate: SlateFontServices - WITH_FREETYPE: 1, WITH_HARFBUZZ: 1
[2018.07.23-05.55.54:055][  0]LogAssetRegistry: FAssetRegistry took 0.0297 seconds to start up
[2018.07.23-05.55.54:619][  0]LogInit: Selected Device Profile: [Windows]
[2018.07.23-05.55.55:175][  0]LogSimplygon: Simplygon DLL not present - disabling.
[2018.07.23-05.55.55:457][  0]LogMeshReduction: Using SimplygonSwarm for distributed automatic mesh merging
[2018.07.23-05.55.55:457][  0]LogMeshReduction: Using ProxyLODMeshReduction for automatic mesh merging
[2018.07.23-05.55.55:457][  0]LogMeshReduction: Using QuadricMeshReduction for automatic static mesh reduction
[2018.07.23-05.55.55:457][  0]LogMeshReduction: No automatic skeletal mesh reduction module available
[2018.07.23-05.55.55:484][  0]LogNetVersion: EMIT 1.0.0, NetCL: 4212847, EngineNetVer: 5, GameNetVer: 0 (Checksum: 405053029)
[2018.07.23-05.55.56:445][  0]LogPackageLocalizationCache: Processed 11 localized package path(s) for 4 prioritized culture(s) in 0.240777 seconds
[2018.07.23-05.55.56:456][  0]LogUObjectArray: 38425 objects as part of root set at end of initial load.
[2018.07.23-05.55.56:456][  0]LogUObjectAllocator: 6690864 out of 0 bytes used by permanent object pool.
[2018.07.23-05.55.56:456][  0]LogUObjectArray: CloseDisregardForGC: 0/0 objects in disregard for GC pool
[2018.07.23-05.56.01:014][  0]LogTcpMessaging: Initializing TcpMessaging bridge
[2018.07.23-05.56.01:073][  0]LogUdpMessaging: Initializing bridge on interface 0.0.0.0:0 to multicast group 230.0.0.1:6666.
[2018.07.23-05.56.02:002][  0]SourceControl: 源码控制已禁用
[2018.07.23-05.56.02:003][  0]SourceControl: 源码控制已禁用
[2018.07.23-05.56.02:189][  0]SourceControl: 源码控制已禁用
[2018.07.23-05.56.02:238][  0]SourceControl: 源码控制已禁用
[2018.07.23-05.56.04:634][  0]LogAndroidPermission: UAndroidPermissionCallbackProxy::GetInstance
[2018.07.23-05.56.05:258][  0]LogOcInput: OculusInput pre-init called
[2018.07.23-05.56.05:634][  0]LogEngine: Initializing Engine...
[2018.07.23-05.56.05:636][  0]LogHMD: Failed to initialize OpenVR with code 110
[2018.07.23-05.56.05:638][  0]LogStats: UGameplayTagsManager::ConstructGameplayTagTree: ImportINI prefixes -  0.000 s
[2018.07.23-05.56.05:638][  0]LogStats: UGameplayTagsManager::ConstructGameplayTagTree: Construct from data asset -  0.000 s
[2018.07.23-05.56.05:639][  0]LogStats: UGameplayTagsManager::ConstructGameplayTagTree: ImportINI -  0.000 s
[2018.07.23-05.56.05:639][  0]LogStats: UGameplayTagsManager::ConstructGameplayTagTree: GameplayTagTreeChangedEvent.Broadcast -  0.000 s
[2018.07.23-05.56.06:008][  0]LogInit: Initializing FReadOnlyCVARCache
[2018.07.23-05.56.06:108][  0]LogAIModule: Creating AISystem for world Untitled
[2018.07.23-05.56.06:127][  0]LogInit: XAudio2 using '扬声器/听筒 (Realtek Audio)' : 2 channels at 48 kHz using 32 bits per sample (channel mask 0x3)
[2018.07.23-05.56.07:496][  0]LogInit: FAudioDevice initialized.
[2018.07.23-05.56.07:496][  0]LogNetVersion: Set ProjectVersion to 1.0.0.0. Version Checksum will be recalculated on next use.
[2018.07.23-05.56.07:955][  0]LogDerivedDataCache: Saved boot cache 0.46s 71MB C:/Users/DELL/AppData/Local/UnrealEngine/4.20/DerivedDataCache/Boot.ddc.
[2018.07.23-05.56.07:956][  0]LogInit: Texture streaming: Enabled
[2018.07.23-05.56.08:080][  0]LogEngineSessionManager: EngineSessionManager initialized
[2018.07.23-05.56.08:129][  0]LogInit: Transaction tracking system initialized
[2018.07.23-05.56.08:380][  0]BlueprintLog: New page: 编辑器加载
[2018.07.23-05.56.10:124][  0]LocalizationService: 本地化服务已被禁用
[2018.07.23-05.56.11:474][  0]LogCook: Display: Max memory allowance for cook 16384mb min free memory 0mb
[2018.07.23-05.56.11:474][  0]LogCook: Display: Mobile HDR setting 1
[2018.07.23-05.56.11:474][  0]LogGameplayTags: Display: UGameplayTagsManager::DoneAddingNativeTags. DelegateIsBound: 0
[2018.07.23-05.56.11:474][  0]LogStats: UGameplayTagsManager::ConstructGameplayTagTree: ImportINI prefixes -  0.000 s
[2018.07.23-05.56.11:474][  0]LogStats: UGameplayTagsManager::ConstructGameplayTagTree: Construct from data asset -  0.000 s
[2018.07.23-05.56.11:475][  0]LogStats: UGameplayTagsManager::ConstructGameplayTagTree: ImportINI -  0.000 s
[2018.07.23-05.56.11:475][  0]LogStats: UGameplayTagsManager::ConstructGameplayTagTree: GameplayTagTreeChangedEvent.Broadcast -  0.000 s
[2018.07.23-05.56.11:889][  0]LogFileCache: Scanning file cache for directory 'H:/EMIT/EMIT/Content/' took 0.02s
[2018.07.23-05.56.13:013][  0]SourceControl: 源码控制已禁用
[2018.07.23-05.56.13:013][  0]Cmd: MAP LOAD FILE="H:/EMIT/EMIT/Content/SideScrollerBP/Maps/SideScrollerExampleMap.umap" TEMPLATE=0 SHOWPROGRESS=1 FEATURELEVEL=3
[2018.07.23-05.56.13:014][  0]LightingResults: New page: 光照构建
[2018.07.23-05.56.13:018][  0]MapCheck: New page: 地图检测
[2018.07.23-05.56.13:018][  0]LightingResults: New page: 光照构建
[2018.07.23-05.56.13:728][  0]LogAIModule: Creating AISystem for world SideScrollerExampleMap
[2018.07.23-05.56.13:751][  0]LogEditorServer: Finished looking for orphan Actors (0.000 secs)
[2018.07.23-05.56.13:791][  0]Cmd: MAP CHECKDEP NOCLEARLOG
[2018.07.23-05.56.13:900][  0]MapCheck: 地图检测完成：0个错误，0 个警告，用时108.188毫秒完成。
[2018.07.23-05.56.13:900][  0]LogFileHelpers: Loading map 'SideScrollerExampleMap' took 0.888
[2018.07.23-05.56.14:641][  0]LogSlate: Updating window title bar state: overlay mode, drag disabled, window buttons hidden, title bar hidden
[2018.07.23-05.56.14:653][  0]LogSlate: Updating window title bar state: overlay mode, drag disabled, window buttons hidden, title bar hidden
[2018.07.23-05.56.14:666][  0]LogSlate: Updating window title bar state: overlay mode, drag disabled, window buttons hidden, title bar hidden
[2018.07.23-05.56.14:679][  0]LogSlate: Updating window title bar state: overlay mode, drag disabled, window buttons hidden, title bar hidden
[2018.07.23-05.56.14:737][  0]LogCollectionManager: Loaded 0 collections in 0.003202 seconds
[2018.07.23-05.56.14:784][  0]LogFileCache: Scanning file cache for directory 'H:/EMIT/EMIT/Saved/Collections/' took 0.01s
[2018.07.23-05.56.14:784][  0]LogFileCache: Scanning file cache for directory 'H:/EMIT/EMIT/Content/Developers/DELL/Collections/' took 0.01s
[2018.07.23-05.56.14:784][  0]LogFileCache: Scanning file cache for directory 'H:/EMIT/EMIT/Content/Collections/' took 0.01s
[2018.07.23-05.56.14:784][  0]LogCollectionManager: Rebuilt the GUID cache for 0 collections in 0.000000 seconds
[2018.07.23-05.56.14:800][  0]LogContentBrowser: Native class hierarchy populated in 0.0156 seconds. Added 2572 classes and 603 folders.
[2018.07.23-05.56.14:810][  0]LogContentBrowser: Native class hierarchy updated for 'WidgetCarousel' in 0.0004 seconds. Added 0 classes and 0 folders.
[2018.07.23-05.56.14:898][  0]LogContentBrowser: Native class hierarchy updated for 'AddContentDialog' in 0.0004 seconds. Added 0 classes and 0 folders.
[2018.07.23-05.56.15:044][  0]LogContentBrowser: Native class hierarchy updated for 'SceneOutliner' in 0.0005 seconds. Added 1 classes and 2 folders.
[2018.07.23-05.56.15:161][  0]LogSlate: Took 0.000591 seconds to synchronously load lazily loaded font '../../../Engine/Content/Slate/Fonts/Roboto-Regular.ttf' (155K)
[2018.07.23-05.56.15:169][  0]LogSlate: Took 0.004557 seconds to synchronously load lazily loaded font '../../../Engine/Content/Slate/Fonts/DroidSansFallback.ttf' (3848K)
[2018.07.23-05.56.15:170][  0]LogSlate: Took 0.000376 seconds to synchronously load lazily loaded font '../../../Engine/Content/Slate/Fonts/Roboto-Bold.ttf' (160K)
[2018.07.23-05.56.15:179][  0]LogSlate: Took 0.000434 seconds to synchronously load lazily loaded font '../../../Engine/Content/Editor/Slate/Fonts/FontAwesome.ttf' (139K)
[2018.07.23-05.56.15:340][  0]LogRenderer: Reallocating scene render targets to support 1208x576 Format 10 NumSamples 1 (Frame:1).
[2018.07.23-05.56.15:714][  0]LogContentBrowser: Native class hierarchy updated for 'HierarchicalLODOutliner' in 0.0006 seconds. Added 0 classes and 0 folders.
[2018.07.23-05.56.15:714][  0]LogLoad: (Engine Initialization) Total time: 40.69 seconds
[2018.07.23-05.56.15:714][  0]LogLoad: (Engine Initialization) Total Blueprint compile time: 0.00 seconds
[2018.07.23-05.56.15:742][  0]LogWindowsTextInputMethodSystem: Display: IME system now activated using TSF (搜狗拼音输入法).
[2018.07.23-05.56.15:783][  0]LogContentStreaming: Texture pool size now 3000 MB
[2018.07.23-05.56.15:831][  0]LogSlate: Took 0.000411 seconds to synchronously load lazily loaded font '../../../Engine/Content/Slate/Fonts/Roboto-Light.ttf' (167K)
[2018.07.23-05.56.16:041][  2]LogAssetRegistry: Asset discovery search completed in 22.0079 seconds
[2018.07.23-05.56.16:043][  2]LogCollectionManager: Rebuilt the object cache for 0 collections in 0.000001 seconds (found 0 objects)
[2018.07.23-05.56.16:043][  2]LogCollectionManager: Fixed up redirectors for 0 collections in 0.000096 seconds (updated 0 objects)
[2018.07.23-05.56.24:212][449]LogSlate: FSceneViewport::OnFocusLost() reason 0
[2018.07.23-05.56.27:440][637]LogSlate: Took 0.000353 seconds to synchronously load lazily loaded font '../../../Engine/Content/Slate/Fonts/Roboto-Light.ttf' (167K)
[2018.07.23-05.56.27:458][637]LogAssetEditorManager: Opening Asset editor for World /Game/SideScrollerBP/Maps/SideScrollerExampleMap.SideScrollerExampleMap
[2018.07.23-05.56.27:502][637]Cmd: MAP LOAD FILE="H:/EMIT/EMIT/Content/SideScrollerBP/Maps/SideScrollerExampleMap.umap" TEMPLATE=0 SHOWPROGRESS=1 FEATURELEVEL=3
[2018.07.23-05.56.27:503][637]LightingResults: New page: 光照构建
[2018.07.23-05.56.27:504][637]LoadErrors: New page: 正在加载地图： SideScrollerExampleMap.umap
[2018.07.23-05.56.27:505][637]MapCheck: New page: 地图检测
[2018.07.23-05.56.27:505][637]LightingResults: New page: 光照构建
[2018.07.23-05.56.27:590][637]LogAIModule: Creating AISystem for world SideScrollerExampleMap
[2018.07.23-05.56.27:733][637]LogEditorServer: Finished looking for orphan Actors (0.000 secs)
[2018.07.23-05.56.27:803][637]Cmd: MAP CHECKDEP NOCLEARLOG
[2018.07.23-05.56.27:903][637]MapCheck: 地图检测完成：0个错误，0 个警告，用时100.015毫秒完成。
[2018.07.23-05.56.27:904][637]LogFileHelpers: Loading map 'SideScrollerExampleMap' took 0.403
[2018.07.23-05.57.19:534][625]LogSlate: Took 0.000475 seconds to synchronously load lazily loaded font '../../../Engine/Content/Slate/Fonts/Roboto-BoldCondensed.ttf' (158K)
[2018.07.23-05.57.21:394][731]LogSlate: Window '添加C++类' being destroyed
[2018.07.23-05.59.27:908][155]LogSlate: Window '选择父类' being destroyed
[2018.07.23-05.59.33:171][455]LogEditorViewport: Clicking on Actor (LMB): StaticMeshActor (TemplateFloor)
[2018.07.23-05.59.34:707][540]Cmd: DELETE
[2018.07.23-05.59.34:707][540]Cmd: ACTOR DELETE
[2018.07.23-05.59.34:756][540]LogEditorActor: Deleted Actor: StaticMeshActor
[2018.07.23-05.59.34:797][540]LogEditorActor: Deleted 1 Actors (0.047 secs)
[2018.07.23-05.59.35:774][597]LogSlate: FSceneViewport::OnFocusLost() reason 2
[2018.07.23-05.59.37:824][716]LogSlate: FSceneViewport::OnFocusLost() reason 2
[2018.07.23-05.59.37:956][716]Cmd: OBJ SAVEPACKAGE PACKAGE="/Game/SideScrollerBP/Maps/SideScrollerExampleMap" FILE="H:/EMIT/EMIT/Content/SideScrollerBP/Maps/SideScrollerExampleMap.umap" SILENT=true AUTOSAVING=false KEEPDIRTY=false
[2018.07.23-05.59.38:179][716]LogSavePackage: Moving 'H:/EMIT/EMIT/Saved/SideScrollerExampleMap98512B3847D92C86CE27109EBC823CFC.tmp' to 'H:/EMIT/EMIT/Content/SideScrollerBP/Maps/SideScrollerExampleMap.umap'
[2018.07.23-05.59.38:204][716]LogFileHelpers: Saving map 'SideScrollerExampleMap' took 0.353
[2018.07.23-05.59.40:191][834]LogSlate: FSceneViewport::OnFocusLost() reason 0
[2018.07.23-05.59.40:275][839]LogTemp: Repeating last play command: 选中的视口
[2018.07.23-05.59.40:293][839]LogBlueprintUserMessages: Early PlayInEditor Detection: Level '/Game/SideScrollerBP/Maps/SideScrollerExampleMap.SideScrollerExampleMap:PersistentLevel' has LevelScriptBlueprint '/Game/SideScrollerBP/Maps/SideScrollerExampleMap.SideScrollerExampleMap:PersistentLevel.SideScrollerExampleMap' with GeneratedClass '/Game/SideScrollerBP/Maps/SideScrollerExampleMap.SideScrollerExampleMap_C' with ClassGeneratedBy '/Game/SideScrollerBP/Maps/SideScrollerExampleMap.SideScrollerExampleMap:PersistentLevel.SideScrollerExampleMap'
[2018.07.23-05.59.40:293][839]LogPlayLevel: PlayLevel: No blueprints needed recompiling
[2018.07.23-05.59.40:306][839]PIE: New page: PIE会话: SideScrollerExampleMap (2018年7月23日 下午9:59:40)
[2018.07.23-05.59.40:307][839]LogPlayLevel: Creating play world package: /Game/SideScrollerBP/Maps/UEDPIE_0_SideScrollerExampleMap
[2018.07.23-05.59.40:325][839]LogPlayLevel: PIE: StaticDuplicateObject took: (0.017796s)
[2018.07.23-05.59.40:326][839]LogAIModule: Creating AISystem for world SideScrollerExampleMap
[2018.07.23-05.59.40:327][839]LogPlayLevel: PIE: World Init took: (0.002139s)
[2018.07.23-05.59.40:327][839]LogPlayLevel: PIE: Created PIE world by copying editor world from /Game/SideScrollerBP/Maps/SideScrollerExampleMap.SideScrollerExampleMap to /Game/SideScrollerBP/Maps/UEDPIE_0_SideScrollerExampleMap.SideScrollerExampleMap (0.020316s)
[2018.07.23-05.59.40:379][839]LogInit: XAudio2 using '扬声器/听筒 (Realtek Audio)' : 2 channels at 48 kHz using 32 bits per sample (channel mask 0x3)
[2018.07.23-05.59.40:407][839]LogInit: FAudioDevice initialized.
[2018.07.23-05.59.40:461][839]LogLoad: Game class is 'SideScrollerGameMode_C'
[2018.07.23-05.59.40:466][839]LogWorld: Bringing World /Game/SideScrollerBP/Maps/UEDPIE_0_SideScrollerExampleMap.SideScrollerExampleMap up for play (max tick rate 60) at 2018.07.23-13.59.40
[2018.07.23-05.59.40:467][839]LogWorld: Bringing up level for play took: 0.003135
[2018.07.23-05.59.40:488][839]LogContentBrowser: Native class hierarchy updated for 'MovieSceneCapture' in 0.0005 seconds. Added 10 classes and 0 folders.
[2018.07.23-05.59.40:489][839]PIE: /Game/SideScrollerBP/Maps/UEDPIE_0_SideScrollerExampleMap的‘在编辑器中播放’的起始时间0.618
[2018.07.23-05.59.40:489][839]LogBlueprintUserMessages: Late PlayInEditor Detection: Level '/Game/SideScrollerBP/Maps/SideScrollerExampleMap.SideScrollerExampleMap:PersistentLevel' has LevelScriptBlueprint '/Game/SideScrollerBP/Maps/SideScrollerExampleMap.SideScrollerExampleMap:PersistentLevel.SideScrollerExampleMap' with GeneratedClass '/Game/SideScrollerBP/Maps/SideScrollerExampleMap.SideScrollerExampleMap_C' with ClassGeneratedBy '/Game/SideScrollerBP/Maps/SideScrollerExampleMap.SideScrollerExampleMap:PersistentLevel.SideScrollerExampleMap'
[2018.07.23-06.00.04:302][263]LogBlueprintUserMessages: Early EndPlayMap Detection: Level '/Game/SideScrollerBP/Maps/SideScrollerExampleMap.SideScrollerExampleMap:PersistentLevel' has LevelScriptBlueprint '/Game/SideScrollerBP/Maps/SideScrollerExampleMap.SideScrollerExampleMap:PersistentLevel.SideScrollerExampleMap' with GeneratedClass '/Game/SideScrollerBP/Maps/SideScrollerExampleMap.SideScrollerExampleMap_C' with ClassGeneratedBy '/Game/SideScrollerBP/Maps/SideScrollerExampleMap.SideScrollerExampleMap:PersistentLevel.SideScrollerExampleMap'
[2018.07.23-06.00.04:303][263]LogSlate: Updating window title bar state: overlay mode, drag disabled, window buttons hidden, title bar hidden
[2018.07.23-06.00.04:350][263]LogPlayLevel: Display: Shutting down PIE online subsystems
[2018.07.23-06.00.04:350][263]LogBlueprintUserMessages: Late EndPlayMap Detection: Level '/Game/SideScrollerBP/Maps/SideScrollerExampleMap.SideScrollerExampleMap:PersistentLevel' has LevelScriptBlueprint '/Game/SideScrollerBP/Maps/SideScrollerExampleMap.SideScrollerExampleMap:PersistentLevel.SideScrollerExampleMap' with GeneratedClass '/Game/SideScrollerBP/Maps/SideScrollerExampleMap.SideScrollerExampleMap_C' with ClassGeneratedBy '/Game/SideScrollerBP/Maps/SideScrollerExampleMap.SideScrollerExampleMap:PersistentLevel.SideScrollerExampleMap'
[2018.07.23-06.00.04:392][263]LogSlate: Updating window title bar state: overlay mode, drag disabled, window buttons hidden, title bar hidden
[2018.07.23-06.00.04:426][264]LogPlayLevel: Display: Destroying online subsystem :Context_4
[2018.07.23-06.00.07:700][457]LogSlate: FSceneViewport::OnFocusLost() reason 0
[2018.07.23-06.01.26:881][908]LogFactory: FactoryCreateFile: Texture with ReimportTextureFactory (0 0 G:/新建文件夹/7、虚幻4引擎RPG游戏与特效实战开发教程 第一部(淘宝店：绿儿江湖)/7、虚幻4引擎RPG游戏与特效实战开发教程 第一部(淘宝店：绿儿江湖)/工程文件/第一季工程文件2(淘宝店：绿儿江湖)/第一季工程文件/素材文件/01_奥术飞弹/texture/bullet.TGA)
[2018.07.23-06.01.26:906][908]LogTexture: Display: Building textures: bullet (AutoDXT, 128X128)
[2018.07.23-06.01.26:971][908]LogFactory: FactoryCreateFile: Texture with ReimportTextureFactory (0 0 G:/新建文件夹/7、虚幻4引擎RPG游戏与特效实战开发教程 第一部(淘宝店：绿儿江湖)/7、虚幻4引擎RPG游戏与特效实战开发教程 第一部(淘宝店：绿儿江湖)/工程文件/第一季工程文件2(淘宝店：绿儿江湖)/第一季工程文件/素材文件/01_奥术飞弹/texture/circle.tga)
[2018.07.23-06.01.26:977][908]LogTexture: Display: Building textures: circle (AutoDXT, 128X128)
[2018.07.23-06.01.27:009][908]LogFactory: FactoryCreateFile: Texture with ReimportTextureFactory (0 0 G:/新建文件夹/7、虚幻4引擎RPG游戏与特效实战开发教程 第一部(淘宝店：绿儿江湖)/7、虚幻4引擎RPG游戏与特效实战开发教程 第一部(淘宝店：绿儿江湖)/工程文件/第一季工程文件2(淘宝店：绿儿江湖)/第一季工程文件/素材文件/01_奥术飞弹/texture/explode_circle.TGA)
[2018.07.23-06.01.27:015][908]LogTexture: Display: Building textures: explode_circle (AutoDXT, 512X512)
[2018.07.23-06.01.27:119][908]LogFactory: FactoryCreateFile: Texture with ReimportTextureFactory (0 0 G:/新建文件夹/7、虚幻4引擎RPG游戏与特效实战开发教程 第一部(淘宝店：绿儿江湖)/7、虚幻4引擎RPG游戏与特效实战开发教程 第一部(淘宝店：绿儿江湖)/工程文件/第一季工程文件2(淘宝店：绿儿江湖)/第一季工程文件/素材文件/01_奥术飞弹/texture/flash.TGA)
[2018.07.23-06.01.27:128][908]LogTexture: Display: Building textures: flash (AutoDXT, 128X128)
[2018.07.23-06.01.52:859][ 43]LogFactory: FactoryCreateFile: Texture with ReimportTextureFactory (0 0 G:/新建文件夹/7、虚幻4引擎RPG游戏与特效实战开发教程 第一部(淘宝店：绿儿江湖)/7、虚幻4引擎RPG游戏与特效实战开发教程 第一部(淘宝店：绿儿江湖)/工程文件/第一季工程文件2(淘宝店：绿儿江湖)/第一季工程文件/素材文件/hero/texture/UI/caisejianbian.jpg)
[2018.07.23-06.01.52:873][ 43]LogTexture: Display: Building textures: caisejianbian (AutoDXT, 512X512)
[2018.07.23-06.01.52:926][ 43]LogFactory: FactoryCreateFile: Texture with ReimportTextureFactory (0 0 G:/新建文件夹/7、虚幻4引擎RPG游戏与特效实战开发教程 第一部(淘宝店：绿儿江湖)/7、虚幻4引擎RPG游戏与特效实战开发教程 第一部(淘宝店：绿儿江湖)/工程文件/第一季工程文件2(淘宝店：绿儿江湖)/第一季工程文件/素材文件/hero/texture/UI/manadian.jpg)
[2018.07.23-06.01.52:939][ 43]LogTexture: Display: Building textures: manadian (AutoDXT, 512X512)
[2018.07.23-06.01.53:008][ 43]LogFactory: FactoryCreateFile: Texture with ReimportTextureFactory (0 0 G:/新建文件夹/7、虚幻4引擎RPG游戏与特效实战开发教程 第一部(淘宝店：绿儿江湖)/7、虚幻4引擎RPG游戏与特效实战开发教程 第一部(淘宝店：绿儿江湖)/工程文件/第一季工程文件2(淘宝店：绿儿江湖)/第一季工程文件/素材文件/hero/texture/UI/qiu_UI.jpg)
[2018.07.23-06.01.53:016][ 43]LogTexture: Display: Building textures: qiu_UI (AutoDXT, 512X512)
[2018.07.23-06.01.53:057][ 43]LogFactory: FactoryCreateFile: Texture with ReimportTextureFactory (0 0 G:/新建文件夹/7、虚幻4引擎RPG游戏与特效实战开发教程 第一部(淘宝店：绿儿江湖)/7、虚幻4引擎RPG游戏与特效实战开发教程 第一部(淘宝店：绿儿江湖)/工程文件/第一季工程文件2(淘宝店：绿儿江湖)/第一季工程文件/素材文件/hero/texture/UI/xuewuzi.jpg)
[2018.07.23-06.01.53:070][ 43]LogTexture: Display: Building textures: xuewuzi (AutoDXT, 512X512)
[2018.07.23-06.02.46:428][414]LogFactory: FactoryCreateFile: Texture with ReimportTextureFactory (0 0 G:/新建文件夹/8、虚幻4引擎RPG游戏与特效实战开发教程 第二部(淘宝店：绿儿江湖)/8、虚幻4引擎RPG游戏与特效实战开发教程 第二部(淘宝店：绿儿江湖)/项目文件/工程文件(淘宝店：绿儿江湖)/第二季工程文件/素材文件/02_能量冲击/texture/aurora.tga)
[2018.07.23-06.02.46:432][414]LogTexture: Display: Building textures: aurora (AutoDXT, 128X128)
[2018.07.23-06.02.46:460][414]LogFactory: FactoryCreateFile: Texture with ReimportTextureFactory (0 0 G:/新建文件夹/8、虚幻4引擎RPG游戏与特效实战开发教程 第二部(淘宝店：绿儿江湖)/8、虚幻4引擎RPG游戏与特效实战开发教程 第二部(淘宝店：绿儿江湖)/项目文件/工程文件(淘宝店：绿儿江湖)/第二季工程文件/素材文件/02_能量冲击/texture/CD.png)
[2018.07.23-06.02.46:493][414]LogTexture: Display: Building textures: CD (AutoDXT, 512X512)
[2018.07.23-06.02.46:535][414]LogFactory: FactoryCreateFile: Texture with ReimportTextureFactory (0 0 G:/新建文件夹/8、虚幻4引擎RPG游戏与特效实战开发教程 第二部(淘宝店：绿儿江湖)/8、虚幻4引擎RPG游戏与特效实战开发教程 第二部(淘宝店：绿儿江湖)/项目文件/工程文件(淘宝店：绿儿江湖)/第二季工程文件/素材文件/02_能量冲击/texture/char.tga)
[2018.07.23-06.02.46:541][414]LogTexture: Display: Building textures: char (AutoDXT, 512X512)
[2018.07.23-06.02.46:575][414]LogFactory: FactoryCreateFile: Texture with ReimportTextureFactory (0 0 G:/新建文件夹/8、虚幻4引擎RPG游戏与特效实战开发教程 第二部(淘宝店：绿儿江湖)/8、虚幻4引擎RPG游戏与特效实战开发教程 第二部(淘宝店：绿儿江湖)/项目文件/工程文件(淘宝店：绿儿江湖)/第二季工程文件/素材文件/02_能量冲击/texture/laze_stamen.tga)
[2018.07.23-06.02.46:580][414]LogTexture: Display: Building textures: laze_stamen (AutoDXT, 128X128)
[2018.07.23-06.02.48:666][522]LogAssetEditorManager: Opening Asset editor for Texture2D /Game/SideScrollerBP/Blueprints/skill/tx/t/laze_stamen.laze_stamen
[2018.07.23-06.02.48:774][522]LogContentBrowser: Native class hierarchy updated for 'TextureEditor' in 0.0005 seconds. Added 1 classes and 2 folders.
[2018.07.23-06.02.50:948][617]LogSlate: Window 'laze_stamen*' being destroyed
[2018.07.23-06.02.50:969][617]LogSlate: Window 'laze_stamen*' being destroyed
[2018.07.23-06.03.28:418][215]LogFactory: FactoryCreateFile: Texture with ReimportTextureFactory (0 0 G:/新建文件夹/8、虚幻4引擎RPG游戏与特效实战开发教程 第二部(淘宝店：绿儿江湖)/8、虚幻4引擎RPG游戏与特效实战开发教程 第二部(淘宝店：绿儿江湖)/项目文件/工程文件(淘宝店：绿儿江湖)/第二季工程文件/素材文件/06_法术护盾/texture/liubianxing.tga)
[2018.07.23-06.03.28:426][215]LogTexture: Display: Building textures: liubianxing (AutoDXT, 256X256)
[2018.07.23-06.03.30:283][313]LogAssetEditorManager: Opening Asset editor for Texture2D /Game/SideScrollerBP/Blueprints/skill/tx/t/liubianxing.liubianxing
[2018.07.23-06.03.32:707][420]LogSlate: Window 'liubianxing*' being destroyed
[2018.07.23-06.03.32:720][420]LogSlate: Window 'liubianxing*' being destroyed
[2018.07.23-06.03.50:979][553]LogSlate: Window '信息' being destroyed
[2018.07.23-06.03.53:895][718]LogAssetEditorManager: Opening Asset editor for Texture2D /Game/SideScrollerBP/Blueprints/skill/tx/t/aurora.aurora
[2018.07.23-06.03.55:965][806]LogSlate: Window 'aurora*' being destroyed
[2018.07.23-06.03.55:972][806]LogSlate: Window 'aurora*' being destroyed
[2018.07.23-06.04.15:240][ 15]LogSlate: Window '信息' being destroyed
[2018.07.23-06.04.15:251][ 15]LogFactory: FactoryCreateFile: Texture with ReimportTextureFactory (0 0 G:/新建文件夹/8、虚幻4引擎RPG游戏与特效实战开发教程 第二部(淘宝店：绿儿江湖)/8、虚幻4引擎RPG游戏与特效实战开发教程 第二部(淘宝店：绿儿江湖)/项目文件/工程文件(淘宝店：绿儿江湖)/第二季工程文件/素材文件/06_法术护盾/texture/circle.tga)
[2018.07.23-06.04.19:300][ 15]LogSlate: Window '信息' being destroyed
[2018.07.23-06.04.19:316][ 15]LogTexture: Display: Building textures: circle (AutoDXT, 256X256)
[2018.07.23-06.04.35:970][202]LogFactory: FactoryCreateFile: Texture with ReimportTextureFactory (0 0 G:/新建文件夹/8、虚幻4引擎RPG游戏与特效实战开发教程 第二部(淘宝店：绿儿江湖)/8、虚幻4引擎RPG游戏与特效实战开发教程 第二部(淘宝店：绿儿江湖)/项目文件/工程文件(淘宝店：绿儿江湖)/第二季工程文件/素材文件/07_冰封路径/texture/snow.tga)
[2018.07.23-06.04.35:975][202]LogTexture: Display: Building textures: snow (AutoDXT, 256X256)
[2018.07.23-06.05.15:953][345]LogFactory: FactoryCreateFile: Texture with ReimportTextureFactory (0 0 G:/新建文件夹/8、虚幻4引擎RPG游戏与特效实战开发教程 第二部(淘宝店：绿儿江湖)/8、虚幻4引擎RPG游戏与特效实战开发教程 第二部(淘宝店：绿儿江湖)/项目文件/工程文件(淘宝店：绿儿江湖)/第二季工程文件/素材文件/10_堕天使/texture/magic.TGA)
[2018.07.23-06.05.15:966][345]LogTexture: Display: Building textures: magic (AutoDXT, 1024X1024)
[2018.07.23-06.05.16:099][345]LogFactory: FactoryCreateFile: Texture with ReimportTextureFactory (0 0 G:/新建文件夹/8、虚幻4引擎RPG游戏与特效实战开发教程 第二部(淘宝店：绿儿江湖)/8、虚幻4引擎RPG游戏与特效实战开发教程 第二部(淘宝店：绿儿江湖)/项目文件/工程文件(淘宝店：绿儿江湖)/第二季工程文件/素材文件/10_堕天使/texture/water.TGA)
[2018.07.23-06.05.16:103][345]LogTexture: Display: Building textures: water (AutoDXT, 256X256)
[2018.07.23-06.05.17:236][395]LogAssetEditorManager: Opening Asset editor for Texture2D /Game/SideScrollerBP/Blueprints/skill/tx/t/magic.magic
[2018.07.23-06.05.19:595][499]LogSlate: Window 'magic*' being destroyed
[2018.07.23-06.05.19:604][499]LogSlate: Window 'magic*' being destroyed
[2018.07.23-06.05.20:912][573]LogAssetEditorManager: Opening Asset editor for Texture2D /Game/SideScrollerBP/Blueprints/skill/tx/t/water.water
[2018.07.23-06.05.22:754][653]LogSlate: Window 'water*' being destroyed
[2018.07.23-06.05.22:770][653]LogSlate: Window 'water*' being destroyed
[2018.07.23-06.05.24:486][746]LogAssetEditorManager: Opening Asset editor for Texture2D /Game/SideScrollerBP/Blueprints/skill/tx/t/caisejianbian.caisejianbian
[2018.07.23-06.05.26:324][817]LogSlate: Window 'caisejianbian*' being destroyed
[2018.07.23-06.05.26:336][817]LogSlate: Window 'caisejianbian*' being destroyed
[2018.07.23-06.05.29:685][  6]Cmd: OBJ SAVEPACKAGE PACKAGE="/Game/SideScrollerBP/Blueprints/skill/tx/t/bullet" FILE="H:/EMIT/EMIT/Content/SideScrollerBP/Blueprints/skill/tx/t/bullet.uasset" SILENT=true
[2018.07.23-06.05.29:697][  6]LogSavePackage: Moving 'H:/EMIT/EMIT/Saved/bullet9033777F49EBC252A8A4FCBA8222B3F9.tmp' to 'H:/EMIT/EMIT/Content/SideScrollerBP/Blueprints/skill/tx/t/bullet.uasset'
[2018.07.23-06.05.29:712][  6]Cmd: OBJ SAVEPACKAGE PACKAGE="/Game/SideScrollerBP/Blueprints/skill/tx/t/circle" FILE="H:/EMIT/EMIT/Content/SideScrollerBP/Blueprints/skill/tx/t/circle.uasset" SILENT=true
[2018.07.23-06.05.29:725][  6]LogSavePackage: Moving 'H:/EMIT/EMIT/Saved/circle7C3EE57A46A77FA953890BA400742295.tmp' to 'H:/EMIT/EMIT/Content/SideScrollerBP/Blueprints/skill/tx/t/circle.uasset'
[2018.07.23-06.05.29:745][  6]Cmd: OBJ SAVEPACKAGE PACKAGE="/Game/SideScrollerBP/Blueprints/skill/tx/t/explode_circle" FILE="H:/EMIT/EMIT/Content/SideScrollerBP/Blueprints/skill/tx/t/explode_circle.uasset" SILENT=true
[2018.07.23-06.05.29:778][  6]LogSavePackage: Moving 'H:/EMIT/EMIT/Saved/explode_circle214EEC44442A19800F566EADB96A0FAB.tmp' to 'H:/EMIT/EMIT/Content/SideScrollerBP/Blueprints/skill/tx/t/explode_circle.uasset'
[2018.07.23-06.05.29:787][  6]Cmd: OBJ SAVEPACKAGE PACKAGE="/Game/SideScrollerBP/Blueprints/skill/tx/t/flash" FILE="H:/EMIT/EMIT/Content/SideScrollerBP/Blueprints/skill/tx/t/flash.uasset" SILENT=true
[2018.07.23-06.05.29:794][  6]LogSavePackage: Moving 'H:/EMIT/EMIT/Saved/flash7162381C41D2CF78B2C25D8DF4457E97.tmp' to 'H:/EMIT/EMIT/Content/SideScrollerBP/Blueprints/skill/tx/t/flash.uasset'
[2018.07.23-06.05.29:816][  6]Cmd: OBJ SAVEPACKAGE PACKAGE="/Game/SideScrollerBP/Blueprints/skill/tx/t/caisejianbian" FILE="H:/EMIT/EMIT/Content/SideScrollerBP/Blueprints/skill/tx/t/caisejianbian.uasset" SILENT=true
[2018.07.23-06.05.29:851][  6]LogSavePackage: Moving 'H:/EMIT/EMIT/Saved/caisejianbian66D04DF1421FFB7AFB4DF6AE774B423F.tmp' to 'H:/EMIT/EMIT/Content/SideScrollerBP/Blueprints/skill/tx/t/caisejianbian.uasset'
[2018.07.23-06.05.29:870][  6]Cmd: OBJ SAVEPACKAGE PACKAGE="/Game/SideScrollerBP/Blueprints/skill/tx/t/manadian" FILE="H:/EMIT/EMIT/Content/SideScrollerBP/Blueprints/skill/tx/t/manadian.uasset" SILENT=true
[2018.07.23-06.05.29:915][  6]LogSavePackage: Moving 'H:/EMIT/EMIT/Saved/manadianF1152BFB40A157AF6E6259AA3BB94B95.tmp' to 'H:/EMIT/EMIT/Content/SideScrollerBP/Blueprints/skill/tx/t/manadian.uasset'
[2018.07.23-06.05.29:937][  6]Cmd: OBJ SAVEPACKAGE PACKAGE="/Game/SideScrollerBP/Blueprints/skill/tx/t/qiu_UI" FILE="H:/EMIT/EMIT/Content/SideScrollerBP/Blueprints/skill/tx/t/qiu_UI.uasset" SILENT=true
[2018.07.23-06.05.29:963][  6]LogSavePackage: Moving 'H:/EMIT/EMIT/Saved/qiu_UI1B136D224C8F3ACE660648BDD1BD45F9.tmp' to 'H:/EMIT/EMIT/Content/SideScrollerBP/Blueprints/skill/tx/t/qiu_UI.uasset'
[2018.07.23-06.05.29:981][  6]Cmd: OBJ SAVEPACKAGE PACKAGE="/Game/SideScrollerBP/Blueprints/skill/tx/t/xuewuzi" FILE="H:/EMIT/EMIT/Content/SideScrollerBP/Blueprints/skill/tx/t/xuewuzi.uasset" SILENT=true
[2018.07.23-06.05.30:029][  6]LogSavePackage: Moving 'H:/EMIT/EMIT/Saved/xuewuziAE9B93E5405B5D2BA71A12903FB5BCA4.tmp' to 'H:/EMIT/EMIT/Content/SideScrollerBP/Blueprints/skill/tx/t/xuewuzi.uasset'
[2018.07.23-06.05.30:042][  6]Cmd: OBJ SAVEPACKAGE PACKAGE="/Game/SideScrollerBP/Blueprints/skill/tx/t/aurora" FILE="H:/EMIT/EMIT/Content/SideScrollerBP/Blueprints/skill/tx/t/aurora.uasset" SILENT=true
[2018.07.23-06.05.30:051][  6]LogSavePackage: Moving 'H:/EMIT/EMIT/Saved/aurora3FA1863B412654D6CF8062B7D8EEEFC4.tmp' to 'H:/EMIT/EMIT/Content/SideScrollerBP/Blueprints/skill/tx/t/aurora.uasset'
[2018.07.23-06.05.30:071][  6]Cmd: OBJ SAVEPACKAGE PACKAGE="/Game/SideScrollerBP/Blueprints/skill/tx/t/CD" FILE="H:/EMIT/EMIT/Content/SideScrollerBP/Blueprints/skill/tx/t/CD.uasset" SILENT=true
[2018.07.23-06.05.30:103][  6]LogSavePackage: Moving 'H:/EMIT/EMIT/Saved/CDFBC49D83495577B1C056CAB2D27A0FB5.tmp' to 'H:/EMIT/EMIT/Content/SideScrollerBP/Blueprints/skill/tx/t/CD.uasset'
[2018.07.23-06.05.30:118][  6]Cmd: OBJ SAVEPACKAGE PACKAGE="/Game/SideScrollerBP/Blueprints/skill/tx/t/char" FILE="H:/EMIT/EMIT/Content/SideScrollerBP/Blueprints/skill/tx/t/char.uasset" SILENT=true
[2018.07.23-06.05.30:168][  6]LogSavePackage: Moving 'H:/EMIT/EMIT/Saved/charD95A1DE6434AA80709D1BBA8DC4093F3.tmp' to 'H:/EMIT/EMIT/Content/SideScrollerBP/Blueprints/skill/tx/t/char.uasset'
[2018.07.23-06.05.30:185][  6]Cmd: OBJ SAVEPACKAGE PACKAGE="/Game/SideScrollerBP/Blueprints/skill/tx/t/laze_stamen" FILE="H:/EMIT/EMIT/Content/SideScrollerBP/Blueprints/skill/tx/t/laze_stamen.uasset" SILENT=true
[2018.07.23-06.05.30:192][  6]LogSavePackage: Moving 'H:/EMIT/EMIT/Saved/laze_stamenF32A9D4A49E50717799ACCB4CE1F2D7A.tmp' to 'H:/EMIT/EMIT/Content/SideScrollerBP/Blueprints/skill/tx/t/laze_stamen.uasset'
[2018.07.23-06.05.30:211][  6]Cmd: OBJ SAVEPACKAGE PACKAGE="/Game/SideScrollerBP/Blueprints/skill/tx/t/liubianxing" FILE="H:/EMIT/EMIT/Content/SideScrollerBP/Blueprints/skill/tx/t/liubianxing.uasset" SILENT=true
[2018.07.23-06.05.30:232][  6]LogSavePackage: Moving 'H:/EMIT/EMIT/Saved/liubianxingA2A0B2884CBDF8047DD77AA94E891809.tmp' to 'H:/EMIT/EMIT/Content/SideScrollerBP/Blueprints/skill/tx/t/liubianxing.uasset'
[2018.07.23-06.05.30:251][  6]Cmd: OBJ SAVEPACKAGE PACKAGE="/Game/SideScrollerBP/Blueprints/skill/tx/t/snow" FILE="H:/EMIT/EMIT/Content/SideScrollerBP/Blueprints/skill/tx/t/snow.uasset" SILENT=true
[2018.07.23-06.05.30:268][  6]LogSavePackage: Moving 'H:/EMIT/EMIT/Saved/snowD7D9E91D4E900CE5075F048569033231.tmp' to 'H:/EMIT/EMIT/Content/SideScrollerBP/Blueprints/skill/tx/t/snow.uasset'
[2018.07.23-06.05.30:291][  6]Cmd: OBJ SAVEPACKAGE PACKAGE="/Game/SideScrollerBP/Blueprints/skill/tx/t/magic" FILE="H:/EMIT/EMIT/Content/SideScrollerBP/Blueprints/skill/tx/t/magic.uasset" SILENT=true
[2018.07.23-06.05.30:395][  6]LogSavePackage: Moving 'H:/EMIT/EMIT/Saved/magicE1A851C8469D133749B51B9F50C21372.tmp' to 'H:/EMIT/EMIT/Content/SideScrollerBP/Blueprints/skill/tx/t/magic.uasset'
[2018.07.23-06.05.30:419][  6]Cmd: OBJ SAVEPACKAGE PACKAGE="/Game/SideScrollerBP/Blueprints/skill/tx/t/water" FILE="H:/EMIT/EMIT/Content/SideScrollerBP/Blueprints/skill/tx/t/water.uasset" SILENT=true
[2018.07.23-06.05.30:440][  6]LogSavePackage: Moving 'H:/EMIT/EMIT/Saved/water8FC1A6744DED3E5E8BEF35B69AA3A2B4.tmp' to 'H:/EMIT/EMIT/Content/SideScrollerBP/Blueprints/skill/tx/t/water.uasset'
[2018.07.23-06.06.24:093][162]LogSlate: Window 'EMIT - Unreal Editor' being destroyed
[2018.07.23-06.06.24:099][162]LogWindowsTextInputMethodSystem: Display: IME system now activated using TSF (搜狗拼音输入法).
[2018.07.23-06.06.24:331][163]Cmd: QUIT_EDITOR
[2018.07.23-06.06.24:540][163]LogExit: Preparing to exit.
[2018.07.23-06.06.25:470][163]LogExit: Editor shut down
[2018.07.23-06.06.25:471][163]LogExit: Transaction tracking system shut down
[2018.07.23-06.06.25:986][163]LogExit: Object subsystem successfully closed.
[2018.07.23-06.06.26:025][163]LogShaderCompilers: Display: Shaders left to compile 0
[2018.07.23-06.06.26:036][163]LogD3D11RHI: Shutdown
[2018.07.23-06.06.26:036][163]LogD3D11RHI: CleanupD3DDevice
[2018.07.23-06.06.26:041][163]LogD3D11RHI: ~FD3D11DynamicRHI
[2018.07.23-06.06.26:071][163]LogModuleManager: Shutting down and abandoning module TextureEditor (616)
[2018.07.23-06.06.26:071][163]LogModuleManager: Shutting down and abandoning module MovieSceneCapture (614)
[2018.07.23-06.06.26:071][163]LogModuleManager: Shutting down and abandoning module Voice (612)
[2018.07.23-06.06.26:071][163]LogModuleManager: Shutting down and abandoning module HierarchicalLODOutliner (610)
[2018.07.23-06.06.26:071][163]LogModuleManager: Shutting down and abandoning module SceneOutliner (608)
[2018.07.23-06.06.26:071][163]LogModuleManager: Shutting down and abandoning module AddContentDialog (606)
[2018.07.23-06.06.26:073][163]LogModuleManager: Shutting down and abandoning module WidgetCarousel (605)
[2018.07.23-06.06.26:073][163]LogModuleManager: Shutting down and abandoning module EditorWidgets (602)
[2018.07.23-06.06.26:073][163]LogModuleManager: Shutting down and abandoning module CollectionManager (600)
[2018.07.23-06.06.26:073][163]LogModuleManager: Shutting down and abandoning module StatsViewer (598)
[2018.07.23-06.06.26:074][163]LogModuleManager: Shutting down and abandoning module FoliageEdit (596)
[2018.07.23-06.06.26:074][163]LogModuleManager: Shutting down and abandoning module LandscapeEditor (594)
[2018.07.23-06.06.26:074][163]LogModuleManager: Shutting down and abandoning module MeshPaintMode (592)
[2018.07.23-06.06.26:074][163]LogModuleManager: Shutting down and abandoning module SceneDepthPickerMode (590)
[2018.07.23-06.06.26:074][163]LogModuleManager: Shutting down and abandoning module ActorPickerMode (588)
[2018.07.23-06.06.26:074][163]LogModuleManager: Shutting down and abandoning module GeometryMode (586)
[2018.07.23-06.06.26:074][163]LogModuleManager: Shutting down and abandoning module TextureAlignMode (584)
[2018.07.23-06.06.26:074][163]LogModuleManager: Shutting down and abandoning module BspMode (582)
[2018.07.23-06.06.26:074][163]LogModuleManager: Shutting down and abandoning module PIEPreviewDeviceProfileSelector (580)
[2018.07.23-06.06.26:074][163]LogModuleManager: Shutting down and abandoning module SequenceRecorderSections (578)
[2018.07.23-06.06.26:075][163]LogModuleManager: Shutting down and abandoning module AutomationWorker (576)
[2018.07.23-06.06.26:075][163]LogModuleManager: Shutting down and abandoning module AudioCaptureEditor (574)
[2018.07.23-06.06.26:075][163]LogModuleManager: Shutting down and abandoning module SequenceRecorder (573)
[2018.07.23-06.06.26:075][163]LogModuleManager: Shutting down and abandoning module MatineeToLevelSequence (570)
[2018.07.23-06.06.26:075][163]LogModuleManager: Shutting down and abandoning module LevelSequenceEditor (568)
[2018.07.23-06.06.26:075][163]LogModuleManager: Shutting down and abandoning module PlacementMode (567)
[2018.07.23-06.06.26:075][163]LogModuleManager: Shutting down and abandoning module MaterialEditor (566)
[2018.07.23-06.06.26:076][163]LogModuleManager: Shutting down and abandoning module WmfMediaFactory (562)
[2018.07.23-06.06.26:076][163]LogModuleManager: Shutting down and abandoning module WmfMediaEditor (560)
[2018.07.23-06.06.26:076][163]LogModuleManager: Shutting down and abandoning module MediaPlayerEditor (558)
[2018.07.23-06.06.26:076][163]LogModuleManager: Shutting down and abandoning module OpenExrWrapper (556)
[2018.07.23-06.06.26:076][163]LogModuleManager: Shutting down and abandoning module ImgMediaFactory (554)
[2018.07.23-06.06.26:076][163]LogModuleManager: Shutting down and abandoning module ImgMediaEditor (552)
[2018.07.23-06.06.26:076][163]LogModuleManager: Shutting down and abandoning module AvfMediaFactory (550)
[2018.07.23-06.06.26:076][163]LogModuleManager: Shutting down and abandoning module AvfMediaEditor (548)
[2018.07.23-06.06.26:076][163]LogModuleManager: Shutting down and abandoning module AndroidMediaFactory (546)
[2018.07.23-06.06.26:076][163]LogModuleManager: Shutting down and abandoning module AndroidMediaEditor (544)
[2018.07.23-06.06.26:076][163]LogModuleManager: Shutting down and abandoning module MagicLeapCameraPreviewFactory (542)
[2018.07.23-06.06.26:076][163]LogModuleManager: Shutting down and abandoning module MagicLeapMediaFactory (540)
[2018.07.23-06.06.26:076][163]LogModuleManager: Shutting down and abandoning module MagicLeapMediaEditor (538)
[2018.07.23-06.06.26:076][163]LogModuleManager: Shutting down and abandoning module CharacterAI (536)
[2018.07.23-06.06.26:076][163]LogModuleManager: Shutting down and abandoning module SmartSnapping (534)
[2018.07.23-06.06.26:076][163]LogModuleManager: Shutting down and abandoning module SessionServices (532)
[2018.07.23-06.06.26:076][163]LogModuleManager: Shutting down and abandoning module ViewportSnapping (530)
[2018.07.23-06.06.26:076][163]LogModuleManager: Shutting down and abandoning module ViewportInteraction (528)
[2018.07.23-06.06.26:076][163]LogModuleManager: Shutting down and abandoning module ClothPainter (526)
[2018.07.23-06.06.26:077][163]LogModuleManager: Shutting down and abandoning module SkeletalMeshEditor (525)
[2018.07.23-06.06.26:077][163]LogModuleManager: Shutting down and abandoning module LogVisualizer (522)
[2018.07.23-06.06.26:077][163]LogModuleManager: Shutting down and abandoning module IntroTutorials (520)
[2018.07.23-06.06.26:077][163]LogModuleManager: Shutting down and abandoning module GameProjectGeneration (519)
[2018.07.23-06.06.26:077][163]LogModuleManager: Shutting down and abandoning module LuminPlatformEditor (516)
[2018.07.23-06.06.26:077][163]LogModuleManager: Shutting down and abandoning module IOSPlatformEditor (514)
[2018.07.23-06.06.26:077][163]LogModuleManager: Shutting down and abandoning module HTML5PlatformEditor (512)
[2018.07.23-06.06.26:077][163]LogModuleManager: Shutting down and abandoning module AndroidPlatformEditor (510)
[2018.07.23-06.06.26:077][163]LogModuleManager: Shutting down and abandoning module AndroidDeviceDetection (509)
[2018.07.23-06.06.26:946][163]LogModuleManager: Shutting down and abandoning module WindowsPlatformEditor (506)
[2018.07.23-06.06.26:947][163]LogModuleManager: Shutting down and abandoning module LuminRuntimeSettings (504)
[2018.07.23-06.06.26:947][163]LogModuleManager: Shutting down and abandoning module IOSRuntimeSettings (502)
[2018.07.23-06.06.26:947][163]LogModuleManager: Shutting down and abandoning module AndroidRuntimeSettings (500)
[2018.07.23-06.06.26:947][163]LogModuleManager: Shutting down and abandoning module InputBindingEditor (498)
[2018.07.23-06.06.26:947][163]LogModuleManager: Shutting down and abandoning module MergeActors (496)
[2018.07.23-06.06.26:947][163]LogModuleManager: Shutting down and abandoning module LocalizationDashboard (494)
[2018.07.23-06.06.26:947][163]LogModuleManager: Shutting down and abandoning module LocalizationService (493)
[2018.07.23-06.06.26:947][163]LogModuleManager: Shutting down and abandoning module HardwareTargeting (490)
[2018.07.23-06.06.26:947][163]LogModuleManager: Shutting down and abandoning module DeviceProfileEditor (488)
[2018.07.23-06.06.26:947][163]LogModuleManager: Shutting down and abandoning module UndoHistory (486)
[2018.07.23-06.06.26:947][163]LogModuleManager: Shutting down and abandoning module XmlParser (484)
[2018.07.23-06.06.26:947][163]LogModuleManager: Shutting down and abandoning module Blutility (482)
[2018.07.23-06.06.26:948][163]LogModuleManager: Shutting down and abandoning module ProjectSettingsViewer (480)
[2018.07.23-06.06.26:948][163]LogModuleManager: Shutting down and abandoning module ProjectTargetPlatformEditor (479)
[2018.07.23-06.06.26:949][163]LogModuleManager: Shutting down and abandoning module EditorSettingsViewer (476)
[2018.07.23-06.06.26:949][163]LogModuleManager: Shutting down and abandoning module SettingsEditor (474)
[2018.07.23-06.06.26:949][163]LogModuleManager: Shutting down and abandoning module ProjectLauncher (472)
[2018.07.23-06.06.26:949][163]LogModuleManager: Shutting down and abandoning module SessionFrontend (470)
[2018.07.23-06.06.26:949][163]LogModuleManager: Shutting down and abandoning module ProfilerClient (468)
[2018.07.23-06.06.26:949][163]LogModuleManager: Shutting down and abandoning module DeviceManager (466)
[2018.07.23-06.06.26:949][163]LogModuleManager: Shutting down and abandoning module TargetDeviceServices (465)
[2018.07.23-06.06.27:015][163]LogModuleManager: Shutting down and abandoning module AutomationController (462)
[2018.07.23-06.06.27:015][163]LogModuleManager: Shutting down and abandoning module AutomationWindow (460)
[2018.07.23-06.06.27:016][163]LogModuleManager: Shutting down and abandoning module Layers (458)
[2018.07.23-06.06.27:016][163]LogModuleManager: Shutting down and abandoning module ComponentVisualizers (456)
[2018.07.23-06.06.27:016][163]LogModuleManager: Shutting down and abandoning module DetailCustomizations (454)
[2018.07.23-06.06.27:016][163]LogModuleManager: Shutting down and abandoning module PackagesDialog (452)
[2018.07.23-06.06.27:016][163]LogModuleManager: Shutting down and abandoning module Persona (450)
[2018.07.23-06.06.27:016][163]LogModuleManager: Shutting down and abandoning module AdvancedPreviewScene (449)
[2018.07.23-06.06.27:016][163]LogModuleManager: Shutting down and abandoning module AnimGraph (447)
[2018.07.23-06.06.27:016][163]LogModuleManager: Shutting down and abandoning module Kismet (444)
[2018.07.23-06.06.27:017][163]LogModuleManager: Shutting down and abandoning module GraphEditor (442)
[2018.07.23-06.06.27:017][163]LogModuleManager: Shutting down and abandoning module ClassViewer (440)
[2018.07.23-06.06.27:019][163]LogModuleManager: Shutting down and abandoning module Toolbox (438)
[2018.07.23-06.06.27:019][163]LogModuleManager: Shutting down and abandoning module ModuleUI (436)
[2018.07.23-06.06.27:019][163]LogModuleManager: Shutting down and abandoning module MovieSceneTools (434)
[2018.07.23-06.06.27:019][163]LogModuleManager: Shutting down and abandoning module OutputLog (432)
[2018.07.23-06.06.27:019][163]LogModuleManager: Shutting down and abandoning module GammaUI (430)
[2018.07.23-06.06.27:019][163]LogModuleManager: Shutting down and abandoning module Documentation (428)
[2018.07.23-06.06.27:019][163]LogModuleManager: Shutting down and abandoning module MovieSceneTracks (426)
[2018.07.23-06.06.27:019][163]LogModuleManager: Shutting down and abandoning module MovieScene (424)
[2018.07.23-06.06.27:019][163]LogModuleManager: Shutting down and abandoning module StreamingPauseRendering (422)
[2018.07.23-06.06.27:019][163]LogModuleManager: Shutting down and abandoning module LauncherPlatform (420)
[2018.07.23-06.06.27:019][163]LogModuleManager: Shutting down and abandoning module AnalyticsET (418)
[2018.07.23-06.06.27:019][163]LogModuleManager: Shutting down and abandoning module PortalServices (416)
[2018.07.23-06.06.27:019][163]LogModuleManager: Shutting down and abandoning module PortalRpc (414)
[2018.07.23-06.06.27:019][163]LogModuleManager: Shutting down and abandoning module MessagingRpc (412)
[2018.07.23-06.06.27:020][163]LogModuleManager: Shutting down and abandoning module AIModule (410)
[2018.07.23-06.06.27:020][163]LogModuleManager: Shutting down and abandoning module GameplayDebugger (409)
[2018.07.23-06.06.27:020][163]LogModuleManager: Shutting down and abandoning module AITestSuite (407)
[2018.07.23-06.06.27:020][163]LogModuleManager: Shutting down and abandoning module NavigationSystem (405)
[2018.07.23-06.06.27:020][163]LogModuleManager: Shutting down and abandoning module DesktopPlatform (402)
[2018.07.23-06.06.27:020][163]LogModuleManager: Shutting down and abandoning module ProfilerService (400)
[2018.07.23-06.06.27:122][163]LogModuleManager: Shutting down and abandoning module TaskGraph (398)
[2018.07.23-06.06.27:122][163]LogModuleManager: Shutting down and abandoning module SteamVRController (396)
[2018.07.23-06.06.27:122][163]LogModuleManager: Shutting down and abandoning module ProceduralMeshComponentEditor (394)
[2018.07.23-06.06.27:122][163]LogModuleManager: Shutting down and abandoning module ProceduralMeshComponent (392)
[2018.07.23-06.06.27:122][163]LogModuleManager: Shutting down and abandoning module OculusInput (390)
[2018.07.23-06.06.27:122][163]LogModuleManager: Shutting down and abandoning module MobilePatchingUtils (388)
[2018.07.23-06.06.27:122][163]LogModuleManager: Shutting down and abandoning module EditableMesh (386)
[2018.07.23-06.06.27:122][163]LogModuleManager: Shutting down and abandoning module CustomMeshComponent (384)
[2018.07.23-06.06.27:122][163]LogModuleManager: Shutting down and abandoning module CableComponent (382)
[2018.07.23-06.06.27:123][163]LogModuleManager: Shutting down and abandoning module AudioCapture (380)
[2018.07.23-06.06.27:123][163]LogModuleManager: Shutting down and abandoning module ArchVisCharacter (378)
[2018.07.23-06.06.27:123][163]LogModuleManager: Shutting down and abandoning module AndroidPermission (376)
[2018.07.23-06.06.27:123][163]LogModuleManager: Shutting down and abandoning module NUTUnrealEngine4 (374)
[2018.07.23-06.06.27:123][163]LogModuleManager: Shutting down and abandoning module NetcodeUnitTest (372)
[2018.07.23-06.06.27:123][163]LogModuleManager: Shutting down and abandoning module MediaCompositingEditor (370)
[2018.07.23-06.06.27:123][163]LogModuleManager: Shutting down and abandoning module MediaCompositing (368)
[2018.07.23-06.06.27:123][163]LogModuleManager: Shutting down and abandoning module LinearTimecode (366)
[2018.07.23-06.06.27:123][163]LogModuleManager: Shutting down and abandoning module ImgMedia (364)
[2018.07.23-06.06.27:136][163]LogModuleManager: Shutting down and abandoning module HTML5Networking (362)
[2018.07.23-06.06.27:136][163]LogModuleManager: Shutting down and abandoning module GeometryCacheTracks (360)
[2018.07.23-06.06.27:136][163]LogModuleManager: Shutting down and abandoning module GeometryCacheSequencer (358)
[2018.07.23-06.06.27:136][163]LogModuleManager: Shutting down and abandoning module BackChannel (356)
[2018.07.23-06.06.27:136][163]LogModuleManager: Shutting down and abandoning module AppleVision (354)
[2018.07.23-06.06.27:136][163]LogModuleManager: Shutting down and abandoning module AppleImageUtils (352)
[2018.07.23-06.06.27:136][163]LogModuleManager: Shutting down and abandoning module AlembicImporter (350)
[2018.07.23-06.06.27:136][163]LogModuleManager: Shutting down and abandoning module AlembicLibrary (349)
[2018.07.23-06.06.27:137][163]LogModuleManager: Shutting down and abandoning module GeometryCache (348)
[2018.07.23-06.06.27:137][163]LogModuleManager: Shutting down and abandoning module GeometryCacheEd (347)
[2018.07.23-06.06.27:137][163]LogModuleManager: Shutting down and abandoning module DatasmithContentEditor (342)
[2018.07.23-06.06.27:137][163]LogModuleManager: Shutting down and abandoning module DatasmithContent (340)
[2018.07.23-06.06.27:137][163]LogModuleManager: Shutting down and abandoning module SpeedTreeImporter (338)
[2018.07.23-06.06.27:137][163]LogModuleManager: Shutting down and abandoning module PluginBrowser (336)
[2018.07.23-06.06.27:138][163]LogModuleManager: Shutting down and abandoning module MobileLauncherProfileWizard (334)
[2018.07.23-06.06.27:138][163]LogModuleManager: Shutting down and abandoning module PolygonModeling (332)
[2018.07.23-06.06.27:138][163]LogModuleManager: Shutting down and abandoning module MeshEditor (330)
[2018.07.23-06.06.27:138][163]LogModuleManager: Shutting down and abandoning module CryptoKeysOpenSSL (328)
[2018.07.23-06.06.27:138][163]LogModuleManager: Shutting down and abandoning module CryptoKeys (326)
[2018.07.23-06.06.27:138][163]LogModuleManager: Shutting down and abandoning module VisualStudioSourceCodeAccess (324)
[2018.07.23-06.06.27:138][163]LogModuleManager: Shutting down and abandoning module VisualStudioCodeSourceCodeAccess (322)
[2018.07.23-06.06.27:138][163]LogModuleManager: Shutting down and abandoning module UObjectPlugin (320)
[2018.07.23-06.06.27:138][163]LogModuleManager: Shutting down and abandoning module SubversionSourceControl (318)
[2018.07.23-06.06.27:138][163]LogModuleManager: Shutting down and abandoning module PerforceSourceControl (316)
[2018.07.23-06.06.27:138][163]LogModuleManager: Shutting down and abandoning module GitSourceControl (314)
[2018.07.23-06.06.27:138][163]LogModuleManager: Shutting down and abandoning module SourceControl (313)
[2018.07.23-06.06.27:139][163]LogModuleManager: Shutting down and abandoning module CLionSourceCodeAccess (310)
[2018.07.23-06.06.27:139][163]LogModuleManager: Shutting down and abandoning module LightPropagationVolumeEditor (308)
[2018.07.23-06.06.27:139][163]LogModuleManager: Shutting down and abandoning module PaperTiledImporter (306)
[2018.07.23-06.06.27:139][163]LogModuleManager: Shutting down and abandoning module PaperSpriteSheetImporter (304)
[2018.07.23-06.06.27:139][163]LogModuleManager: Shutting down and abandoning module Paper2DEditor (302)
[2018.07.23-06.06.27:139][163]LogModuleManager: Shutting down and abandoning module MeshPaint (301)
[2018.07.23-06.06.27:139][163]LogModuleManager: Shutting down and abandoning module RuntimePhysXCooking (298)
[2018.07.23-06.06.27:139][163]LogModuleManager: Shutting down and abandoning module PhysXVehiclesEditor (296)
[2018.07.23-06.06.27:139][163]LogModuleManager: Shutting down and abandoning module PhysXVehicles (294)
[2018.07.23-06.06.27:139][163]LogModuleManager: Shutting down and abandoning module OculusEditor (292)
[2018.07.23-06.06.27:139][163]LogModuleManager: Shutting down and abandoning module LocationServicesBPLibrary (290)
[2018.07.23-06.06.27:139][163]LogModuleManager: Shutting down and abandoning module ImmediatePhysicsEditor (288)
[2018.07.23-06.06.27:139][163]LogModuleManager: Shutting down and abandoning module ImmediatePhysics (286)
[2018.07.23-06.06.27:139][163]LogModuleManager: Shutting down and abandoning module ActorSequence (284)
[2018.07.23-06.06.27:139][163]LogModuleManager: Shutting down and abandoning module UdpMessaging (282)
[2018.07.23-06.06.27:241][163]LogModuleManager: Shutting down and abandoning module TcpMessaging (280)
[2018.07.23-06.06.27:342][163]LogModuleManager: Shutting down and abandoning module MagicLeapAudio (278)
[2018.07.23-06.06.27:342][163]LogModuleManager: Shutting down and abandoning module GameplayTagsEditor (276)
[2018.07.23-06.06.27:342][163]LogModuleManager: Shutting down and abandoning module FacialAnimationEditor (274)
[2018.07.23-06.06.27:342][163]LogModuleManager: Shutting down and abandoning module FacialAnimation (272)
[2018.07.23-06.06.27:342][163]LogModuleManager: Shutting down and abandoning module DataValidation (270)
[2018.07.23-06.06.27:342][163]LogModuleManager: Shutting down and abandoning module AssetManagerEditor (268)
[2018.07.23-06.06.27:342][163]LogModuleManager: Shutting down and abandoning module LevelEditor (267)
[2018.07.23-06.06.27:343][163]LogModuleManager: Shutting down and abandoning module PixelInspectorModule (266)
[2018.07.23-06.06.27:343][163]LogModuleManager: Shutting down and abandoning module CommonMenuExtensions (264)
[2018.07.23-06.06.27:343][163]LogModuleManager: Shutting down and abandoning module MainFrame (262)
[2018.07.23-06.06.27:343][163]LogModuleManager: Shutting down and abandoning module HotReload (261)
[2018.07.23-06.06.27:344][163]LogModuleManager: Shutting down and abandoning module ContentBrowser (257)
[2018.07.23-06.06.27:346][163]LogModuleManager: Shutting down and abandoning module TreeMap (255)
[2018.07.23-06.06.27:346][163]LogModuleManager: Shutting down and abandoning module LightPropagationVolumeRuntime (252)
[2018.07.23-06.06.27:346][163]LogModuleManager: Shutting down and abandoning module AISupportModule (250)
[2018.07.23-06.06.27:346][163]LogModuleManager: Shutting down and abandoning module Paper2D (248)
[2018.07.23-06.06.27:346][163]LogModuleManager: Shutting down and abandoning module WindowsMoviePlayer (246)
[2018.07.23-06.06.27:346][163]LogModuleManager: Shutting down and abandoning module WmfMedia (244)
[2018.07.23-06.06.27:357][163]LogModuleManager: Shutting down and abandoning module Media (243)
[2018.07.23-06.06.27:364][163]LogModuleManager: Shutting down and abandoning module PacketHandler (240)
[2018.07.23-06.06.27:364][163]LogModuleManager: Shutting down and abandoning module ClothingSystemEditor (238)
[2018.07.23-06.06.27:364][163]LogModuleManager: Shutting down and abandoning module ClothingSystemRuntime (236)
[2018.07.23-06.06.27:365][163]LogModuleManager: Shutting down and abandoning module MediaAssets (234)
[2018.07.23-06.06.27:365][163]LogModuleManager: Shutting down and abandoning module Overlay (232)
[2018.07.23-06.06.27:365][163]LogModuleManager: Shutting down and abandoning module OverlayEditor (231)
[2018.07.23-06.06.27:365][163]LogModuleManager: Shutting down and abandoning module VREditor (228)
[2018.07.23-06.06.27:365][163]LogModuleManager: Shutting down and abandoning module StringTableEditor (226)
[2018.07.23-06.06.27:365][163]LogModuleManager: Shutting down and abandoning module GameplayTasksEditor (224)
[2018.07.23-06.06.27:365][163]LogModuleManager: Shutting down and abandoning module BehaviorTreeEditor (222)
[2018.07.23-06.06.27:365][163]LogModuleManager: Shutting down and abandoning module FunctionalTesting (220)
[2018.07.23-06.06.27:365][163]LogModuleManager: Shutting down and abandoning module CollisionAnalyzer (218)
[2018.07.23-06.06.27:365][163]LogModuleManager: Shutting down and abandoning module WorkspaceMenuStructure (217)
[2018.07.23-06.06.27:365][163]LogModuleManager: Shutting down and abandoning module UMG (214)
[2018.07.23-06.06.27:365][163]LogModuleManager: Shutting down and abandoning module UMGEditor (213)
[2018.07.23-06.06.27:365][163]LogModuleManager: Shutting down and abandoning module Sequencer (212)
[2018.07.23-06.06.27:365][163]LogModuleManager: Shutting down and abandoning module MessageLog (209)
[2018.07.23-06.06.27:365][163]LogModuleManager: Shutting down and abandoning module SlateReflector (204)
[2018.07.23-06.06.27:365][163]LogModuleManager: Shutting down and abandoning module Slate (202)
[2018.07.23-06.06.27:365][163]LogModuleManager: Shutting down and abandoning module EditorStyle (200)
[2018.07.23-06.06.27:368][163]LogModuleManager: Shutting down and abandoning module MRMesh (198)
[2018.07.23-06.06.27:368][163]LogModuleManager: Shutting down and abandoning module SourceCodeAccess (196)
[2018.07.23-06.06.27:368][163]LogModuleManager: Shutting down and abandoning module HeadMountedDisplay (194)
[2018.07.23-06.06.27:368][163]LogModuleManager: Shutting down and abandoning module XAudio2 (192)
[2018.07.23-06.06.27:368][163]LogModuleManager: Shutting down and abandoning module Networking (190)
[2018.07.23-06.06.27:368][163]LogModuleManager: Shutting down and abandoning module Core (188)
[2018.07.23-06.06.27:368][163]LogModuleManager: Shutting down and abandoning module LevelSequence (186)
[2018.07.23-06.06.27:368][163]LogModuleManager: Shutting down and abandoning module KismetCompiler (184)
[2018.07.23-06.06.27:368][163]LogModuleManager: Shutting down and abandoning module MeshUtilities (182)
[2018.07.23-06.06.27:368][163]LogModuleManager: Shutting down and abandoning module MeshMergeUtilities (181)
[2018.07.23-06.06.27:368][163]LogModuleManager: Shutting down and abandoning module MeshReductionInterface (180)
[2018.07.23-06.06.27:369][163]LogModuleManager: Shutting down and abandoning module SimplygonSwarm (179)
[2018.07.23-06.06.27:369][163]LogModuleManager: Shutting down and abandoning module ProxyLODMeshReduction (177)
[2018.07.23-06.06.27:369][163]LogModuleManager: Shutting down and abandoning module SimplygonMeshReduction (175)
[2018.07.23-06.06.27:369][163]LogModuleManager: Shutting down and abandoning module QuadricMeshReduction (173)
[2018.07.23-06.06.27:369][163]LogModuleManager: Shutting down and abandoning module MaterialBaking (169)
[2018.07.23-06.06.27:369][163]LogModuleManager: Shutting down and abandoning module DirectoryWatcher (165)
[2018.07.23-06.06.27:369][163]LogModuleManager: Shutting down and abandoning module DerivedDataCache (162)
[2018.07.23-06.06.27:439][163]LogDerivedDataCache: Shutdown
[2018.07.23-06.06.27:439][163]LogModuleManager: Shutting down and abandoning module XGEController (160)
[2018.07.23-06.06.27:439][163]LogXGEController: Cleaning working directory: C:/Users/DELL/AppData/Local/Temp/UnrealXGEWorkingDir/
[2018.07.23-06.06.27:440][163]LogModuleManager: Shutting down and abandoning module TargetPlatform (158)
[2018.07.23-06.06.27:440][163]LogModuleManager: Shutting down and abandoning module VulkanShaderFormat (157)
[2018.07.23-06.06.27:440][163]LogModuleManager: Shutting down and abandoning module ShaderFormatVectorVM (155)
[2018.07.23-06.06.27:441][163]LogModuleManager: Shutting down and abandoning module ShaderFormatOpenGL (153)
[2018.07.23-06.06.27:441][163]LogModuleManager: Shutting down and abandoning module ShaderFormatD3D (151)
[2018.07.23-06.06.27:441][163]LogModuleManager: Shutting down and abandoning module MetalShaderFormat (149)
[2018.07.23-06.06.27:441][163]LogModuleManager: Shutting down and abandoning module TextureFormatUncompressed (147)
[2018.07.23-06.06.27:441][163]LogModuleManager: Shutting down and abandoning module TextureFormatPVR (145)
[2018.07.23-06.06.27:441][163]LogModuleManager: Shutting down and abandoning module TextureFormatDXT (143)
[2018.07.23-06.06.27:441][163]LogModuleManager: Shutting down and abandoning module TextureFormatIntelISPCTexComp (141)
[2018.07.23-06.06.27:441][163]LogModuleManager: Shutting down and abandoning module TextureFormatASTC (139)
[2018.07.23-06.06.27:441][163]LogModuleManager: Shutting down and abandoning module ImageWrapper (138)
[2018.07.23-06.06.27:441][163]LogModuleManager: Shutting down and abandoning module TextureFormatAndroid (135)
[2018.07.23-06.06.27:441][163]LogModuleManager: Shutting down and abandoning module AudioFormatOpus (133)
[2018.07.23-06.06.27:441][163]LogModuleManager: Shutting down and abandoning module AudioFormatOgg (131)
[2018.07.23-06.06.27:441][163]LogModuleManager: Shutting down and abandoning module AudioFormatADPCM (129)
[2018.07.23-06.06.27:441][163]LogModuleManager: Shutting down and abandoning module LuminTargetPlatform (127)
[2018.07.23-06.06.27:441][163]LogModuleManager: Shutting down and abandoning module LinuxTargetPlatform (125)
[2018.07.23-06.06.27:441][163]LogModuleManager: Shutting down and abandoning module LinuxServerTargetPlatform (123)
[2018.07.23-06.06.27:441][163]LogModuleManager: Shutting down and abandoning module LinuxNoEditorTargetPlatform (121)
[2018.07.23-06.06.27:441][163]LogModuleManager: Shutting down and abandoning module LinuxClientTargetPlatform (119)
[2018.07.23-06.06.27:441][163]LogModuleManager: Shutting down and abandoning module TVOSTargetPlatform (117)
[2018.07.23-06.06.27:444][163]LogModuleManager: Shutting down and abandoning module Messaging (115)
[2018.07.23-06.06.27:444][163]LogModuleManager: Shutting down and abandoning module IOSTargetPlatform (113)
[2018.07.23-06.06.27:451][163]LogModuleManager: Shutting down and abandoning module HTML5TargetPlatform (111)
[2018.07.23-06.06.27:451][163]LogModuleManager: Shutting down and abandoning module AndroidTargetPlatform (109)
[2018.07.23-06.06.27:462][163]LogModuleManager: Shutting down and abandoning module WindowsTargetPlatform (107)
[2018.07.23-06.06.27:462][163]LogModuleManager: Shutting down and abandoning module WindowsServerTargetPlatform (105)
[2018.07.23-06.06.27:462][163]LogModuleManager: Shutting down and abandoning module WindowsNoEditorTargetPlatform (103)
[2018.07.23-06.06.27:462][163]LogModuleManager: Shutting down and abandoning module WindowsClientTargetPlatform (101)
[2018.07.23-06.06.27:462][163]LogModuleManager: Shutting down and abandoning module MacTargetPlatform (99)
[2018.07.23-06.06.27:462][163]LogModuleManager: Shutting down and abandoning module MacServerTargetPlatform (97)
[2018.07.23-06.06.27:462][163]LogModuleManager: Shutting down and abandoning module MacNoEditorTargetPlatform (95)
[2018.07.23-06.06.27:462][163]LogModuleManager: Shutting down and abandoning module MacClientTargetPlatform (93)
[2018.07.23-06.06.27:462][163]LogModuleManager: Shutting down and abandoning module AllDesktopTargetPlatform (91)
[2018.07.23-06.06.27:462][163]LogModuleManager: Shutting down and abandoning module InputCore (88)
[2018.07.23-06.06.27:462][163]LogModuleManager: Shutting down and abandoning module Settings (86)
[2018.07.23-06.06.27:462][163]LogModuleManager: Shutting down and abandoning module PhysXCooking (84)
[2018.07.23-06.06.27:463][163]LogModuleManager: Shutting down and abandoning module SteamVR (82)
[2018.07.23-06.06.27:463][163]LogModuleManager: Shutting down and abandoning module OculusHMD (80)
[2018.07.23-06.06.27:463][163]LogModuleManager: Shutting down and abandoning module ExampleDeviceProfileSelector (78)
[2018.07.23-06.06.27:463][163]LogModuleManager: Shutting down and abandoning module LauncherChunkInstaller (76)
[2018.07.23-06.06.27:463][163]LogModuleManager: Shutting down and abandoning module OnlineBlueprintSupport (74)
[2018.07.23-06.06.27:463][163]LogModuleManager: Shutting down and abandoning module OnlineSubsystem (70)
[2018.07.23-06.06.27:464][163]LogModuleManager: Shutting down and abandoning module XMPP (65)
[2018.07.23-06.06.27:464][163]LogModuleManager: Shutting down and abandoning module WebSockets (64)
[2018.07.23-06.06.27:493][163]LogModuleManager: Shutting down and abandoning module HTTP (61)
[2018.07.23-06.06.27:493][163]LogHttp: Display: Http module shutting down, but needs to wait on 1 outstanding Http requests:
[2018.07.23-06.06.27:493][163]LogHttp: Display: 	verb=[POST] url=[https://datarouter.ol.epicgames.com/datarouter/api/v1/public/data?SessionID=%7BE1A20089-48DB-F28D-C5F5-24BA10100B75%7D&AppID=UEEditor.Rocket.Release&AppVersion=4.20.0-4212847%2B%2B%2BUE4%2BRelease-4.20&UserID=a7df40f74aa9d171134ea1a3dd53db77%7Cdad3201ae4bb4f88b2635e0e4b59257e%7C05bfa7a3-80e8-45b4-93b1-5b90e19ccb41&AppEnvironment=datacollector-binary&UploadType=eteventstream] status=Processing
[2018.07.23-06.06.27:497][163]LogModuleManager: Shutting down and abandoning module SSL (60)
[2018.07.23-06.06.27:499][163]LogModuleManager: Shutting down and abandoning module MagicLeapEmulator (56)
[2018.07.23-06.06.27:499][163]LogModuleManager: Shutting down and abandoning module MagicLeapPrivileges (54)
[2018.07.23-06.06.27:499][163]LogModuleManager: Shutting down and abandoning module MagicLeapIdentity (52)
[2018.07.23-06.06.27:499][163]LogModuleManager: Shutting down and abandoning module MagicLeapHelperVulkan (50)
[2018.07.23-06.06.27:499][163]LogModuleManager: Shutting down and abandoning module MagicLeapHelperOpenGL (48)
[2018.07.23-06.06.27:499][163]LogModuleManager: Shutting down and abandoning module MagicLeapSecureStorage (46)
[2018.07.23-06.06.27:499][163]LogModuleManager: Shutting down and abandoning module MagicLeapGestures (44)
[2018.07.23-06.06.27:499][163]LogModuleManager: Shutting down and abandoning module MagicLeapEyeTracker (42)
[2018.07.23-06.06.27:499][163]LogModuleManager: Shutting down and abandoning module MagicLeapController (40)
[2018.07.23-06.06.27:499][163]LogSlate: Slate User Destroyed.  User Index 0, Is Virtual User: 0
[2018.07.23-06.06.27:499][163]LogModuleManager: Shutting down and abandoning module MagicLeap (38)
[2018.07.23-06.06.27:499][163]LogModuleManager: Shutting down and abandoning module AnimationModifiers (36)
[2018.07.23-06.06.27:499][163]LogModuleManager: Shutting down and abandoning module PropertyEditor (35)
[2018.07.23-06.06.27:500][163]LogModuleManager: Shutting down and abandoning module AudioEditor (32)
[2018.07.23-06.06.27:500][163]LogModuleManager: Shutting down and abandoning module TextureCompressor (30)
[2018.07.23-06.06.27:500][163]LogModuleManager: Shutting down and abandoning module ShaderCore (28)
[2018.07.23-06.06.27:500][163]LogModuleManager: Shutting down and abandoning module Landscape (26)
[2018.07.23-06.06.27:500][163]LogModuleManager: Shutting down and abandoning module SlateRHIRenderer (24)
[2018.07.23-06.06.27:501][163]LogModuleManager: Shutting down and abandoning module OpenGLDrv (22)
[2018.07.23-06.06.27:501][163]LogModuleManager: Shutting down and abandoning module D3D11RHI (20)
[2018.07.23-06.06.27:501][163]LogModuleManager: Shutting down and abandoning module AnimGraphRuntime (18)
[2018.07.23-06.06.27:501][163]LogModuleManager: Shutting down and abandoning module Renderer (16)
[2018.07.23-06.06.27:501][163]LogModuleManager: Shutting down and abandoning module Engine (14)
[2018.07.23-06.06.27:501][163]LogModuleManager: Shutting down and abandoning module CoreUObject (12)
[2018.07.23-06.06.27:501][163]LogModuleManager: Shutting down and abandoning module NetworkFile (10)
[2018.07.23-06.06.27:501][163]LogModuleManager: Shutting down and abandoning module CookedIterativeFile (8)
[2018.07.23-06.06.27:501][163]LogModuleManager: Shutting down and abandoning module StreamingFile (6)
[2018.07.23-06.06.27:501][163]LogModuleManager: Shutting down and abandoning module SandboxFile (4)
[2018.07.23-06.06.27:501][163]LogModuleManager: Shutting down and abandoning module PakFile (2)
[2018.07.23-06.06.27:519][163]LogExit: Exiting.
[2018.07.23-06.06.27:541][163]Log file closed, 07/23/18 14:06:27
